{"C:\\Users\\User\\Desktop\\PruebaTecnica\\frontend\\aprobador-app\\src\\App.tsx": {"path":"C:\\Users\\User\\Desktop\\PruebaTecnica\\frontend\\aprobador-app\\src\\App.tsx","all":true,"statementMap":{"0":{"start":{"line":1,"column":0},"end":{"line":1,"column":32}},"1":{"start":{"line":2,"column":0},"end":{"line":2,"column":42}},"2":{"start":{"line":3,"column":0},"end":{"line":3,"column":32}},"3":{"start":{"line":4,"column":0},"end":{"line":4,"column":18}},"5":{"start":{"line":6,"column":0},"end":{"line":6,"column":16}},"6":{"start":{"line":7,"column":0},"end":{"line":7,"column":39}},"8":{"start":{"line":9,"column":0},"end":{"line":9,"column":10}},"9":{"start":{"line":10,"column":0},"end":{"line":10,"column":6}},"10":{"start":{"line":11,"column":0},"end":{"line":11,"column":11}},"11":{"start":{"line":12,"column":0},"end":{"line":12,"column":51}},"12":{"start":{"line":13,"column":0},"end":{"line":13,"column":65}},"13":{"start":{"line":14,"column":0},"end":{"line":14,"column":12}},"14":{"start":{"line":15,"column":0},"end":{"line":15,"column":52}},"15":{"start":{"line":16,"column":0},"end":{"line":16,"column":73}},"16":{"start":{"line":17,"column":0},"end":{"line":17,"column":12}},"17":{"start":{"line":18,"column":0},"end":{"line":18,"column":12}},"18":{"start":{"line":19,"column":0},"end":{"line":19,"column":27}},"19":{"start":{"line":20,"column":0},"end":{"line":20,"column":28}},"20":{"start":{"line":21,"column":0},"end":{"line":21,"column":63}},"21":{"start":{"line":22,"column":0},"end":{"line":22,"column":26}},"22":{"start":{"line":23,"column":0},"end":{"line":23,"column":17}},"23":{"start":{"line":24,"column":0},"end":{"line":24,"column":11}},"24":{"start":{"line":25,"column":0},"end":{"line":25,"column":60}},"25":{"start":{"line":26,"column":0},"end":{"line":26,"column":12}},"26":{"start":{"line":27,"column":0},"end":{"line":27,"column":12}},"27":{"start":{"line":28,"column":0},"end":{"line":28,"column":35}},"29":{"start":{"line":30,"column":0},"end":{"line":30,"column":10}},"30":{"start":{"line":31,"column":0},"end":{"line":31,"column":7}},"32":{"start":{"line":33,"column":0},"end":{"line":33,"column":1}},"34":{"start":{"line":35,"column":0},"end":{"line":35,"column":18}}},"s":{"0":0,"1":0,"2":0,"3":0,"5":0,"6":0,"8":0,"9":0,"10":0,"11":0,"12":0,"13":0,"14":0,"15":0,"16":0,"17":0,"18":0,"19":0,"20":0,"21":0,"22":0,"23":0,"24":0,"25":0,"26":0,"27":0,"29":0,"30":0,"32":0,"34":0},"branchMap":{"0":{"type":"branch","line":1,"loc":{"start":{"line":1,"column":902},"end":{"line":35,"column":18}},"locations":[{"start":{"line":1,"column":902},"end":{"line":35,"column":18}}]}},"b":{"0":[0]},"fnMap":{"0":{"name":"(empty-report)","decl":{"start":{"line":1,"column":902},"end":{"line":35,"column":18}},"loc":{"start":{"line":1,"column":902},"end":{"line":35,"column":18}},"line":1}},"f":{"0":0}}
,"C:\\Users\\User\\Desktop\\PruebaTecnica\\frontend\\aprobador-app\\src\\main.tsx": {"path":"C:\\Users\\User\\Desktop\\PruebaTecnica\\frontend\\aprobador-app\\src\\main.tsx","all":true,"statementMap":{"0":{"start":{"line":1,"column":0},"end":{"line":1,"column":34}},"1":{"start":{"line":2,"column":0},"end":{"line":2,"column":45}},"2":{"start":{"line":3,"column":0},"end":{"line":3,"column":20}},"3":{"start":{"line":4,"column":0},"end":{"line":4,"column":27}},"5":{"start":{"line":6,"column":0},"end":{"line":6,"column":52}},"6":{"start":{"line":7,"column":0},"end":{"line":7,"column":14}},"7":{"start":{"line":8,"column":0},"end":{"line":8,"column":11}},"8":{"start":{"line":9,"column":0},"end":{"line":9,"column":16}},"9":{"start":{"line":10,"column":0},"end":{"line":10,"column":1}}},"s":{"0":0,"1":0,"2":0,"3":0,"5":0,"6":0,"7":0,"8":0,"9":0},"branchMap":{"0":{"type":"branch","line":1,"loc":{"start":{"line":1,"column":203},"end":{"line":10,"column":-148}},"locations":[{"start":{"line":1,"column":203},"end":{"line":10,"column":-148}}]}},"b":{"0":[0]},"fnMap":{"0":{"name":"(empty-report)","decl":{"start":{"line":1,"column":203},"end":{"line":10,"column":-148}},"loc":{"start":{"line":1,"column":203},"end":{"line":10,"column":-148}},"line":1}},"f":{"0":0}}
,"C:\\Users\\User\\Desktop\\PruebaTecnica\\frontend\\aprobador-app\\src\\pages\\AprobarSolicitud.tsx": {"path":"C:\\Users\\User\\Desktop\\PruebaTecnica\\frontend\\aprobador-app\\src\\pages\\AprobarSolicitud.tsx","all":false,"statementMap":{"150":{"start":{"line":151,"column":0},"end":{"line":151,"column":51}},"151":{"start":{"line":152,"column":0},"end":{"line":152,"column":51}},"152":{"start":{"line":153,"column":0},"end":{"line":153,"column":65}},"154":{"start":{"line":155,"column":0},"end":{"line":155,"column":42}},"155":{"start":{"line":156,"column":0},"end":{"line":156,"column":43}},"156":{"start":{"line":157,"column":0},"end":{"line":157,"column":51}},"157":{"start":{"line":158,"column":0},"end":{"line":158,"column":60}},"158":{"start":{"line":159,"column":0},"end":{"line":159,"column":56}},"159":{"start":{"line":160,"column":0},"end":{"line":160,"column":56}},"160":{"start":{"line":161,"column":0},"end":{"line":161,"column":41}},"161":{"start":{"line":162,"column":0},"end":{"line":162,"column":45}},"162":{"start":{"line":163,"column":0},"end":{"line":163,"column":51}},"163":{"start":{"line":164,"column":0},"end":{"line":164,"column":48}},"165":{"start":{"line":166,"column":0},"end":{"line":166,"column":58}},"166":{"start":{"line":167,"column":0},"end":{"line":167,"column":55}},"168":{"start":{"line":169,"column":0},"end":{"line":169,"column":19}},"169":{"start":{"line":170,"column":0},"end":{"line":170,"column":50}},"170":{"start":{"line":171,"column":0},"end":{"line":171,"column":21}},"172":{"start":{"line":173,"column":0},"end":{"line":173,"column":36}},"173":{"start":{"line":174,"column":0},"end":{"line":174,"column":17}},"174":{"start":{"line":175,"column":0},"end":{"line":175,"column":19}},"175":{"start":{"line":176,"column":0},"end":{"line":176,"column":28}},"176":{"start":{"line":177,"column":0},"end":{"line":177,"column":23}},"177":{"start":{"line":178,"column":0},"end":{"line":178,"column":23}},"179":{"start":{"line":180,"column":0},"end":{"line":180,"column":22}},"180":{"start":{"line":181,"column":0},"end":{"line":181,"column":42}},"181":{"start":{"line":182,"column":0},"end":{"line":182,"column":13}},"182":{"start":{"line":183,"column":0},"end":{"line":183,"column":5}},"184":{"start":{"line":185,"column":0},"end":{"line":185,"column":21}},"185":{"start":{"line":186,"column":0},"end":{"line":186,"column":9}},"186":{"start":{"line":187,"column":0},"end":{"line":187,"column":53}},"187":{"start":{"line":188,"column":0},"end":{"line":188,"column":62}},"188":{"start":{"line":189,"column":0},"end":{"line":189,"column":43}},"189":{"start":{"line":190,"column":0},"end":{"line":190,"column":7}},"191":{"start":{"line":192,"column":0},"end":{"line":192,"column":37}},"192":{"start":{"line":193,"column":0},"end":{"line":193,"column":37}},"193":{"start":{"line":194,"column":0},"end":{"line":194,"column":29}},"194":{"start":{"line":195,"column":0},"end":{"line":195,"column":19}},"195":{"start":{"line":196,"column":0},"end":{"line":196,"column":54}},"196":{"start":{"line":197,"column":0},"end":{"line":197,"column":45}},"197":{"start":{"line":198,"column":0},"end":{"line":198,"column":15}},"198":{"start":{"line":199,"column":0},"end":{"line":199,"column":24}},"199":{"start":{"line":200,"column":0},"end":{"line":200,"column":5}},"200":{"start":{"line":201,"column":0},"end":{"line":201,"column":4}},"202":{"start":{"line":203,"column":0},"end":{"line":203,"column":67}},"203":{"start":{"line":204,"column":0},"end":{"line":204,"column":38}},"204":{"start":{"line":205,"column":0},"end":{"line":205,"column":57}},"205":{"start":{"line":206,"column":0},"end":{"line":206,"column":13}},"206":{"start":{"line":207,"column":0},"end":{"line":207,"column":5}},"208":{"start":{"line":209,"column":0},"end":{"line":209,"column":9}},"209":{"start":{"line":210,"column":0},"end":{"line":210,"column":73}},"210":{"start":{"line":211,"column":0},"end":{"line":211,"column":53}},"211":{"start":{"line":212,"column":0},"end":{"line":212,"column":42}},"212":{"start":{"line":213,"column":0},"end":{"line":213,"column":19}},"213":{"start":{"line":214,"column":0},"end":{"line":214,"column":47}},"214":{"start":{"line":215,"column":0},"end":{"line":215,"column":49}},"215":{"start":{"line":216,"column":0},"end":{"line":216,"column":5}},"216":{"start":{"line":217,"column":0},"end":{"line":217,"column":4}},"218":{"start":{"line":219,"column":0},"end":{"line":219,"column":10}},"219":{"start":{"line":220,"column":0},"end":{"line":220,"column":33}},"220":{"start":{"line":221,"column":0},"end":{"line":221,"column":26}},"221":{"start":{"line":222,"column":0},"end":{"line":222,"column":10}},"222":{"start":{"line":223,"column":0},"end":{"line":223,"column":36}},"223":{"start":{"line":224,"column":0},"end":{"line":224,"column":16}},"224":{"start":{"line":225,"column":0},"end":{"line":225,"column":23}},"225":{"start":{"line":226,"column":0},"end":{"line":226,"column":30}},"226":{"start":{"line":227,"column":0},"end":{"line":227,"column":59}},"227":{"start":{"line":228,"column":0},"end":{"line":228,"column":42}},"228":{"start":{"line":229,"column":0},"end":{"line":229,"column":68}},"229":{"start":{"line":230,"column":0},"end":{"line":230,"column":12}},"230":{"start":{"line":231,"column":0},"end":{"line":231,"column":17}},"231":{"start":{"line":232,"column":0},"end":{"line":232,"column":34}},"232":{"start":{"line":233,"column":0},"end":{"line":233,"column":88}},"233":{"start":{"line":234,"column":0},"end":{"line":234,"column":11}},"235":{"start":{"line":236,"column":0},"end":{"line":236,"column":19}},"236":{"start":{"line":237,"column":0},"end":{"line":237,"column":42}},"237":{"start":{"line":238,"column":0},"end":{"line":238,"column":75}},"238":{"start":{"line":239,"column":0},"end":{"line":239,"column":11}},"241":{"start":{"line":242,"column":0},"end":{"line":242,"column":51}},"242":{"start":{"line":243,"column":0},"end":{"line":243,"column":10}},"243":{"start":{"line":244,"column":0},"end":{"line":244,"column":23}},"244":{"start":{"line":245,"column":0},"end":{"line":245,"column":16}},"245":{"start":{"line":246,"column":0},"end":{"line":246,"column":22}},"246":{"start":{"line":247,"column":0},"end":{"line":247,"column":87}},"247":{"start":{"line":248,"column":0},"end":{"line":248,"column":32}},"248":{"start":{"line":249,"column":0},"end":{"line":249,"column":36}},"249":{"start":{"line":250,"column":0},"end":{"line":250,"column":16}},"251":{"start":{"line":252,"column":0},"end":{"line":252,"column":97}},"252":{"start":{"line":253,"column":0},"end":{"line":253,"column":109}},"253":{"start":{"line":254,"column":0},"end":{"line":254,"column":18}},"256":{"start":{"line":257,"column":0},"end":{"line":257,"column":51}},"257":{"start":{"line":258,"column":0},"end":{"line":258,"column":70}},"258":{"start":{"line":259,"column":0},"end":{"line":259,"column":76}},"259":{"start":{"line":260,"column":0},"end":{"line":260,"column":70}},"260":{"start":{"line":261,"column":0},"end":{"line":261,"column":67}},"261":{"start":{"line":262,"column":0},"end":{"line":262,"column":16}},"262":{"start":{"line":263,"column":0},"end":{"line":263,"column":80}},"263":{"start":{"line":264,"column":0},"end":{"line":264,"column":77}},"265":{"start":{"line":266,"column":0},"end":{"line":266,"column":17}},"266":{"start":{"line":267,"column":0},"end":{"line":267,"column":52}},"267":{"start":{"line":268,"column":0},"end":{"line":268,"column":120}},"268":{"start":{"line":269,"column":0},"end":{"line":269,"column":11}},"270":{"start":{"line":271,"column":0},"end":{"line":271,"column":19}},"271":{"start":{"line":272,"column":0},"end":{"line":272,"column":17}},"272":{"start":{"line":273,"column":0},"end":{"line":273,"column":53}},"273":{"start":{"line":274,"column":0},"end":{"line":274,"column":103}},"274":{"start":{"line":275,"column":0},"end":{"line":275,"column":11}},"276":{"start":{"line":277,"column":0},"end":{"line":277,"column":19}},"277":{"start":{"line":278,"column":0},"end":{"line":278,"column":11}},"279":{"start":{"line":280,"column":0},"end":{"line":280,"column":10}},"281":{"start":{"line":282,"column":0},"end":{"line":282,"column":2}},"283":{"start":{"line":284,"column":0},"end":{"line":284,"column":32}}},"s":{"150":1,"151":1,"152":1,"154":1,"155":24,"156":24,"157":24,"158":24,"159":24,"160":24,"161":24,"162":24,"163":24,"165":24,"166":24,"168":24,"169":6,"170":24,"172":24,"173":5,"174":5,"175":5,"176":5,"177":5,"179":5,"180":0,"181":0,"182":0,"184":5,"185":5,"186":5,"187":5,"188":0,"189":0,"191":4,"192":4,"193":4,"194":5,"195":1,"196":1,"197":5,"198":5,"199":5,"200":5,"202":24,"203":3,"204":1,"205":1,"206":1,"208":2,"209":2,"210":3,"211":3,"212":3,"213":0,"214":0,"215":0,"216":3,"218":24,"219":24,"220":24,"221":17,"222":17,"223":17,"224":17,"225":17,"226":17,"227":17,"228":17,"229":17,"230":17,"231":17,"232":17,"233":17,"235":17,"236":17,"237":17,"238":17,"241":24,"242":7,"243":7,"244":3,"245":3,"246":3,"247":3,"248":3,"249":3,"251":3,"252":3,"253":3,"256":7,"257":7,"258":7,"259":7,"260":7,"261":7,"262":7,"263":7,"265":7,"266":7,"267":7,"268":7,"270":7,"271":7,"272":7,"273":7,"274":7,"276":7,"277":7,"279":24,"281":24,"283":1},"branchMap":{"0":{"type":"branch","line":155,"loc":{"start":{"line":155,"column":35},"end":{"line":282,"column":2}},"locations":[{"start":{"line":155,"column":35},"end":{"line":282,"column":2}}]},"1":{"type":"branch","line":221,"loc":{"start":{"line":221,"column":8},"end":{"line":239,"column":11}},"locations":[{"start":{"line":221,"column":8},"end":{"line":239,"column":11}}]},"2":{"type":"branch","line":237,"loc":{"start":{"line":237,"column":11},"end":{"line":237,"column":42}},"locations":[{"start":{"line":237,"column":11},"end":{"line":237,"column":42}}]},"3":{"type":"branch","line":238,"loc":{"start":{"line":238,"column":11},"end":{"line":238,"column":75}},"locations":[{"start":{"line":238,"column":11},"end":{"line":238,"column":75}}]},"4":{"type":"branch","line":242,"loc":{"start":{"line":242,"column":7},"end":{"line":242,"column":37}},"locations":[{"start":{"line":242,"column":7},"end":{"line":242,"column":37}}]},"5":{"type":"branch","line":242,"loc":{"start":{"line":242,"column":24},"end":{"line":242,"column":51}},"locations":[{"start":{"line":242,"column":24},"end":{"line":242,"column":51}}]},"6":{"type":"branch","line":242,"loc":{"start":{"line":242,"column":37},"end":{"line":278,"column":11}},"locations":[{"start":{"line":242,"column":37},"end":{"line":278,"column":11}}]},"7":{"type":"branch","line":244,"loc":{"start":{"line":244,"column":11},"end":{"line":254,"column":18}},"locations":[{"start":{"line":244,"column":11},"end":{"line":254,"column":18}}]},"8":{"type":"branch","line":247,"loc":{"start":{"line":247,"column":61},"end":{"line":247,"column":77}},"locations":[{"start":{"line":247,"column":61},"end":{"line":247,"column":77}}]},"9":{"type":"branch","line":247,"loc":{"start":{"line":247,"column":65},"end":{"line":247,"column":87}},"locations":[{"start":{"line":247,"column":65},"end":{"line":247,"column":87}}]},"10":{"type":"branch","line":252,"loc":{"start":{"line":252,"column":61},"end":{"line":252,"column":73}},"locations":[{"start":{"line":252,"column":61},"end":{"line":252,"column":73}}]},"11":{"type":"branch","line":252,"loc":{"start":{"line":252,"column":65},"end":{"line":252,"column":81}},"locations":[{"start":{"line":252,"column":65},"end":{"line":252,"column":81}}]},"12":{"type":"branch","line":253,"loc":{"start":{"line":253,"column":15},"end":{"line":253,"column":109}},"locations":[{"start":{"line":253,"column":15},"end":{"line":253,"column":109}}]},"13":{"type":"branch","line":169,"loc":{"start":{"line":169,"column":12},"end":{"line":171,"column":5}},"locations":[{"start":{"line":169,"column":12},"end":{"line":171,"column":5}}]},"14":{"type":"branch","line":170,"loc":{"start":{"line":170,"column":22},"end":{"line":170,"column":50}},"locations":[{"start":{"line":170,"column":22},"end":{"line":170,"column":50}}]},"15":{"type":"branch","line":173,"loc":{"start":{"line":173,"column":23},"end":{"line":201,"column":4}},"locations":[{"start":{"line":173,"column":23},"end":{"line":201,"column":4}}]},"16":{"type":"branch","line":180,"loc":{"start":{"line":180,"column":21},"end":{"line":183,"column":5}},"locations":[{"start":{"line":180,"column":21},"end":{"line":183,"column":5}}]},"17":{"type":"branch","line":187,"loc":{"start":{"line":187,"column":51},"end":{"line":188,"column":42}},"locations":[{"start":{"line":187,"column":51},"end":{"line":188,"column":42}}]},"18":{"type":"branch","line":188,"loc":{"start":{"line":188,"column":29},"end":{"line":188,"column":61}},"locations":[{"start":{"line":188,"column":29},"end":{"line":188,"column":61}}]},"19":{"type":"branch","line":188,"loc":{"start":{"line":188,"column":61},"end":{"line":190,"column":7}},"locations":[{"start":{"line":188,"column":61},"end":{"line":190,"column":7}}]},"20":{"type":"branch","line":190,"loc":{"start":{"line":190,"column":6},"end":{"line":195,"column":13}},"locations":[{"start":{"line":190,"column":6},"end":{"line":195,"column":13}}]},"21":{"type":"branch","line":195,"loc":{"start":{"line":195,"column":4},"end":{"line":198,"column":6}},"locations":[{"start":{"line":195,"column":4},"end":{"line":198,"column":6}}]},"22":{"type":"branch","line":203,"loc":{"start":{"line":203,"column":24},"end":{"line":217,"column":4}},"locations":[{"start":{"line":203,"column":24},"end":{"line":217,"column":4}}]},"23":{"type":"branch","line":204,"loc":{"start":{"line":204,"column":37},"end":{"line":207,"column":5}},"locations":[{"start":{"line":204,"column":37},"end":{"line":207,"column":5}}]},"24":{"type":"branch","line":207,"loc":{"start":{"line":207,"column":4},"end":{"line":211,"column":32}},"locations":[{"start":{"line":207,"column":4},"end":{"line":211,"column":32}}]},"25":{"type":"branch","line":211,"loc":{"start":{"line":211,"column":21},"end":{"line":211,"column":51}},"locations":[{"start":{"line":211,"column":21},"end":{"line":211,"column":51}}]},"26":{"type":"branch","line":212,"loc":{"start":{"line":212,"column":24},"end":{"line":212,"column":40}},"locations":[{"start":{"line":212,"column":24},"end":{"line":212,"column":40}}]},"27":{"type":"branch","line":213,"loc":{"start":{"line":213,"column":4},"end":{"line":216,"column":5}},"locations":[{"start":{"line":213,"column":4},"end":{"line":216,"column":5}}]},"28":{"type":"branch","line":267,"loc":{"start":{"line":267,"column":21},"end":{"line":267,"column":52}},"locations":[{"start":{"line":267,"column":21},"end":{"line":267,"column":52}}]},"29":{"type":"branch","line":273,"loc":{"start":{"line":273,"column":21},"end":{"line":273,"column":53}},"locations":[{"start":{"line":273,"column":21},"end":{"line":273,"column":53}}]}},"b":{"0":[24],"1":[17],"2":[5],"3":[1],"4":[7],"5":[7],"6":[7],"7":[3],"8":[1],"9":[2],"10":[1],"11":[2],"12":[2],"13":[6],"14":[5],"15":[5],"16":[0],"17":[4],"18":[4],"19":[0],"20":[4],"21":[1],"22":[3],"23":[1],"24":[2],"25":[0],"26":[0],"27":[0],"28":[1],"29":[2]},"fnMap":{"0":{"name":"AprobarSolicitud","decl":{"start":{"line":155,"column":35},"end":{"line":282,"column":2}},"loc":{"start":{"line":155,"column":35},"end":{"line":282,"column":2}},"line":155},"1":{"name":"validarToken","decl":{"start":{"line":173,"column":23},"end":{"line":201,"column":4}},"loc":{"start":{"line":173,"column":23},"end":{"line":201,"column":4}},"line":173},"2":{"name":"manejarAccion","decl":{"start":{"line":203,"column":24},"end":{"line":217,"column":4}},"loc":{"start":{"line":203,"column":24},"end":{"line":217,"column":4}},"line":203},"3":{"name":"onChange","decl":{"start":{"line":227,"column":22},"end":{"line":227,"column":59}},"loc":{"start":{"line":227,"column":22},"end":{"line":227,"column":59}},"line":227},"4":{"name":"onClick","decl":{"start":{"line":267,"column":21},"end":{"line":267,"column":52}},"loc":{"start":{"line":267,"column":21},"end":{"line":267,"column":52}},"line":267},"5":{"name":"onClick","decl":{"start":{"line":273,"column":21},"end":{"line":273,"column":53}},"loc":{"start":{"line":273,"column":21},"end":{"line":273,"column":53}},"line":273}},"f":{"0":24,"1":5,"2":3,"3":0,"4":1,"5":2}}
,"C:\\Users\\User\\Desktop\\PruebaTecnica\\frontend\\aprobador-app\\src\\routes\\aprobador.routes.tsx": {"path":"C:\\Users\\User\\Desktop\\PruebaTecnica\\frontend\\aprobador-app\\src\\routes\\aprobador.routes.tsx","all":false,"statementMap":{"0":{"start":{"line":1,"column":0},"end":{"line":1,"column":62}},"1":{"start":{"line":2,"column":0},"end":{"line":2,"column":57}},"3":{"start":{"line":4,"column":0},"end":{"line":4,"column":31}},"4":{"start":{"line":5,"column":0},"end":{"line":5,"column":33}},"5":{"start":{"line":6,"column":0},"end":{"line":6,"column":84}},"7":{"start":{"line":8,"column":0},"end":{"line":8,"column":10}},"8":{"start":{"line":9,"column":0},"end":{"line":9,"column":12}},"9":{"start":{"line":10,"column":0},"end":{"line":10,"column":55}},"10":{"start":{"line":11,"column":0},"end":{"line":11,"column":13}},"12":{"start":{"line":13,"column":0},"end":{"line":13,"column":2}},"14":{"start":{"line":15,"column":0},"end":{"line":15,"column":31}}},"s":{"0":1,"1":1,"3":1,"4":1,"5":1,"7":1,"8":1,"9":1,"10":1,"12":1,"14":1},"branchMap":{"0":{"type":"branch","line":4,"loc":{"start":{"line":4,"column":24},"end":{"line":13,"column":2}},"locations":[{"start":{"line":4,"column":24},"end":{"line":13,"column":2}}]}},"b":{"0":[1]},"fnMap":{"0":{"name":"AprobadorRoutes","decl":{"start":{"line":4,"column":24},"end":{"line":13,"column":2}},"loc":{"start":{"line":4,"column":24},"end":{"line":13,"column":2}},"line":4}},"f":{"0":1}}
,"C:\\Users\\User\\Desktop\\PruebaTecnica\\frontend\\aprobador-app\\src\\services\\api.ts": {"path":"C:\\Users\\User\\Desktop\\PruebaTecnica\\frontend\\aprobador-app\\src\\services\\api.ts","all":false,"statementMap":{"0":{"start":{"line":1,"column":0},"end":{"line":1,"column":26}},"2":{"start":{"line":3,"column":0},"end":{"line":3,"column":78}},"4":{"start":{"line":5,"column":0},"end":{"line":5,"column":55}},"5":{"start":{"line":6,"column":0},"end":{"line":6,"column":92}},"6":{"start":{"line":7,"column":0},"end":{"line":7,"column":40}},"7":{"start":{"line":8,"column":0},"end":{"line":8,"column":2}},"9":{"start":{"line":10,"column":0},"end":{"line":10,"column":38}},"10":{"start":{"line":11,"column":0},"end":{"line":11,"column":22}},"11":{"start":{"line":12,"column":0},"end":{"line":12,"column":16}},"12":{"start":{"line":13,"column":0},"end":{"line":13,"column":32}},"13":{"start":{"line":14,"column":0},"end":{"line":14,"column":6}},"14":{"start":{"line":15,"column":0},"end":{"line":15,"column":70}},"15":{"start":{"line":16,"column":0},"end":{"line":16,"column":16}},"16":{"start":{"line":17,"column":0},"end":{"line":17,"column":10}},"17":{"start":{"line":18,"column":0},"end":{"line":18,"column":10}},"18":{"start":{"line":19,"column":0},"end":{"line":19,"column":5}},"19":{"start":{"line":20,"column":0},"end":{"line":20,"column":23}},"20":{"start":{"line":21,"column":0},"end":{"line":21,"column":2}}},"s":{"0":1,"2":1,"4":1,"5":2,"6":1,"7":1,"9":1,"10":2,"11":2,"12":2,"13":2,"14":2,"15":2,"16":2,"17":2,"18":2,"19":1,"20":1},"branchMap":{"0":{"type":"branch","line":5,"loc":{"start":{"line":5,"column":29},"end":{"line":8,"column":2}},"locations":[{"start":{"line":5,"column":29},"end":{"line":8,"column":2}}]},"1":{"type":"branch","line":6,"loc":{"start":{"line":6,"column":90},"end":{"line":8,"column":2}},"locations":[{"start":{"line":6,"column":90},"end":{"line":8,"column":2}}]},"2":{"type":"branch","line":10,"loc":{"start":{"line":10,"column":31},"end":{"line":21,"column":2}},"locations":[{"start":{"line":10,"column":31},"end":{"line":21,"column":2}}]},"3":{"type":"branch","line":19,"loc":{"start":{"line":19,"column":3},"end":{"line":21,"column":2}},"locations":[{"start":{"line":19,"column":3},"end":{"line":21,"column":2}}]}},"b":{"0":[2],"1":[1],"2":[2],"3":[1]},"fnMap":{"0":{"name":"validarAcceso","decl":{"start":{"line":5,"column":29},"end":{"line":8,"column":2}},"loc":{"start":{"line":5,"column":29},"end":{"line":8,"column":2}},"line":5},"1":{"name":"firmarSolicitud","decl":{"start":{"line":10,"column":31},"end":{"line":21,"column":2}},"loc":{"start":{"line":10,"column":31},"end":{"line":21,"column":2}},"line":10}},"f":{"0":2,"1":2}}
}
