{"C:\\Users\\User\\Desktop\\PruebaTecnica\\frontend\\aprobador-app\\src\\App.tsx": {"path":"C:\\Users\\User\\Desktop\\PruebaTecnica\\frontend\\aprobador-app\\src\\App.tsx","all":true,"statementMap":{"0":{"start":{"line":1,"column":0},"end":{"line":1,"column":32}},"1":{"start":{"line":2,"column":0},"end":{"line":2,"column":42}},"2":{"start":{"line":3,"column":0},"end":{"line":3,"column":32}},"3":{"start":{"line":4,"column":0},"end":{"line":4,"column":18}},"5":{"start":{"line":6,"column":0},"end":{"line":6,"column":16}},"6":{"start":{"line":7,"column":0},"end":{"line":7,"column":39}},"8":{"start":{"line":9,"column":0},"end":{"line":9,"column":10}},"9":{"start":{"line":10,"column":0},"end":{"line":10,"column":6}},"10":{"start":{"line":11,"column":0},"end":{"line":11,"column":11}},"11":{"start":{"line":12,"column":0},"end":{"line":12,"column":51}},"12":{"start":{"line":13,"column":0},"end":{"line":13,"column":65}},"13":{"start":{"line":14,"column":0},"end":{"line":14,"column":12}},"14":{"start":{"line":15,"column":0},"end":{"line":15,"column":52}},"15":{"start":{"line":16,"column":0},"end":{"line":16,"column":73}},"16":{"start":{"line":17,"column":0},"end":{"line":17,"column":12}},"17":{"start":{"line":18,"column":0},"end":{"line":18,"column":12}},"18":{"start":{"line":19,"column":0},"end":{"line":19,"column":27}},"19":{"start":{"line":20,"column":0},"end":{"line":20,"column":28}},"20":{"start":{"line":21,"column":0},"end":{"line":21,"column":63}},"21":{"start":{"line":22,"column":0},"end":{"line":22,"column":26}},"22":{"start":{"line":23,"column":0},"end":{"line":23,"column":17}},"23":{"start":{"line":24,"column":0},"end":{"line":24,"column":11}},"24":{"start":{"line":25,"column":0},"end":{"line":25,"column":60}},"25":{"start":{"line":26,"column":0},"end":{"line":26,"column":12}},"26":{"start":{"line":27,"column":0},"end":{"line":27,"column":12}},"27":{"start":{"line":28,"column":0},"end":{"line":28,"column":35}},"29":{"start":{"line":30,"column":0},"end":{"line":30,"column":10}},"30":{"start":{"line":31,"column":0},"end":{"line":31,"column":7}},"32":{"start":{"line":33,"column":0},"end":{"line":33,"column":1}},"34":{"start":{"line":35,"column":0},"end":{"line":35,"column":18}}},"s":{"0":0,"1":0,"2":0,"3":0,"5":0,"6":0,"8":0,"9":0,"10":0,"11":0,"12":0,"13":0,"14":0,"15":0,"16":0,"17":0,"18":0,"19":0,"20":0,"21":0,"22":0,"23":0,"24":0,"25":0,"26":0,"27":0,"29":0,"30":0,"32":0,"34":0},"branchMap":{"0":{"type":"branch","line":1,"loc":{"start":{"line":1,"column":902},"end":{"line":35,"column":18}},"locations":[{"start":{"line":1,"column":902},"end":{"line":35,"column":18}}]}},"b":{"0":[0]},"fnMap":{"0":{"name":"(empty-report)","decl":{"start":{"line":1,"column":902},"end":{"line":35,"column":18}},"loc":{"start":{"line":1,"column":902},"end":{"line":35,"column":18}},"line":1}},"f":{"0":0}}
,"C:\\Users\\User\\Desktop\\PruebaTecnica\\frontend\\aprobador-app\\src\\main.tsx": {"path":"C:\\Users\\User\\Desktop\\PruebaTecnica\\frontend\\aprobador-app\\src\\main.tsx","all":true,"statementMap":{"0":{"start":{"line":1,"column":0},"end":{"line":1,"column":34}},"1":{"start":{"line":2,"column":0},"end":{"line":2,"column":45}},"2":{"start":{"line":3,"column":0},"end":{"line":3,"column":20}},"3":{"start":{"line":4,"column":0},"end":{"line":4,"column":27}},"5":{"start":{"line":6,"column":0},"end":{"line":6,"column":52}},"6":{"start":{"line":7,"column":0},"end":{"line":7,"column":14}},"7":{"start":{"line":8,"column":0},"end":{"line":8,"column":11}},"8":{"start":{"line":9,"column":0},"end":{"line":9,"column":16}},"9":{"start":{"line":10,"column":0},"end":{"line":10,"column":1}}},"s":{"0":0,"1":0,"2":0,"3":0,"5":0,"6":0,"7":0,"8":0,"9":0},"branchMap":{"0":{"type":"branch","line":1,"loc":{"start":{"line":1,"column":203},"end":{"line":10,"column":-148}},"locations":[{"start":{"line":1,"column":203},"end":{"line":10,"column":-148}}]}},"b":{"0":[0]},"fnMap":{"0":{"name":"(empty-report)","decl":{"start":{"line":1,"column":203},"end":{"line":10,"column":-148}},"loc":{"start":{"line":1,"column":203},"end":{"line":10,"column":-148}},"line":1}},"f":{"0":0}}
,"C:\\Users\\User\\Desktop\\PruebaTecnica\\frontend\\aprobador-app\\src\\pages\\FirmarSolicitud.tsx": {"path":"C:\\Users\\User\\Desktop\\PruebaTecnica\\frontend\\aprobador-app\\src\\pages\\FirmarSolicitud.tsx","all":false,"statementMap":{"52":{"start":{"line":53,"column":0},"end":{"line":53,"column":33}},"53":{"start":{"line":54,"column":0},"end":{"line":54,"column":50}},"55":{"start":{"line":56,"column":0},"end":{"line":56,"column":31}},"56":{"start":{"line":57,"column":0},"end":{"line":57,"column":45}},"57":{"start":{"line":58,"column":0},"end":{"line":58,"column":51}},"59":{"start":{"line":60,"column":0},"end":{"line":60,"column":76}},"60":{"start":{"line":61,"column":0},"end":{"line":61,"column":76}},"61":{"start":{"line":62,"column":0},"end":{"line":62,"column":61}},"62":{"start":{"line":63,"column":0},"end":{"line":63,"column":48}},"64":{"start":{"line":65,"column":0},"end":{"line":65,"column":67}},"65":{"start":{"line":66,"column":0},"end":{"line":66,"column":9}},"66":{"start":{"line":67,"column":0},"end":{"line":67,"column":70}},"67":{"start":{"line":68,"column":0},"end":{"line":68,"column":53}},"68":{"start":{"line":69,"column":0},"end":{"line":69,"column":42}},"69":{"start":{"line":70,"column":0},"end":{"line":70,"column":19}},"70":{"start":{"line":71,"column":0},"end":{"line":71,"column":25}},"71":{"start":{"line":72,"column":0},"end":{"line":72,"column":49}},"72":{"start":{"line":73,"column":0},"end":{"line":73,"column":5}},"73":{"start":{"line":74,"column":0},"end":{"line":74,"column":4}},"75":{"start":{"line":76,"column":0},"end":{"line":76,"column":88}},"77":{"start":{"line":78,"column":0},"end":{"line":78,"column":10}},"78":{"start":{"line":79,"column":0},"end":{"line":79,"column":33}},"79":{"start":{"line":80,"column":0},"end":{"line":80,"column":19}},"80":{"start":{"line":81,"column":0},"end":{"line":81,"column":21}},"81":{"start":{"line":82,"column":0},"end":{"line":82,"column":81}},"82":{"start":{"line":83,"column":0},"end":{"line":83,"column":26}},"83":{"start":{"line":84,"column":0},"end":{"line":84,"column":30}},"84":{"start":{"line":85,"column":0},"end":{"line":85,"column":11}},"85":{"start":{"line":86,"column":0},"end":{"line":86,"column":26}},"86":{"start":{"line":87,"column":0},"end":{"line":87,"column":105}},"87":{"start":{"line":88,"column":0},"end":{"line":88,"column":14}},"89":{"start":{"line":90,"column":0},"end":{"line":90,"column":47}},"90":{"start":{"line":91,"column":0},"end":{"line":91,"column":66}},"91":{"start":{"line":92,"column":0},"end":{"line":92,"column":66}},"92":{"start":{"line":93,"column":0},"end":{"line":93,"column":12}},"93":{"start":{"line":94,"column":0},"end":{"line":94,"column":55}},"94":{"start":{"line":95,"column":0},"end":{"line":95,"column":63}},"96":{"start":{"line":97,"column":0},"end":{"line":97,"column":13}},"97":{"start":{"line":98,"column":0},"end":{"line":98,"column":48}},"98":{"start":{"line":99,"column":0},"end":{"line":99,"column":16}},"99":{"start":{"line":100,"column":0},"end":{"line":100,"column":35}},"100":{"start":{"line":101,"column":0},"end":{"line":101,"column":25}},"101":{"start":{"line":102,"column":0},"end":{"line":102,"column":31}},"102":{"start":{"line":103,"column":0},"end":{"line":103,"column":26}},"103":{"start":{"line":104,"column":0},"end":{"line":104,"column":23}},"104":{"start":{"line":105,"column":0},"end":{"line":105,"column":10}},"105":{"start":{"line":106,"column":0},"end":{"line":106,"column":7}},"107":{"start":{"line":108,"column":0},"end":{"line":108,"column":15}},"108":{"start":{"line":109,"column":0},"end":{"line":109,"column":13}},"109":{"start":{"line":110,"column":0},"end":{"line":110,"column":49}},"110":{"start":{"line":111,"column":0},"end":{"line":111,"column":16}},"111":{"start":{"line":112,"column":0},"end":{"line":112,"column":33}},"112":{"start":{"line":113,"column":0},"end":{"line":113,"column":25}},"113":{"start":{"line":114,"column":0},"end":{"line":114,"column":31}},"114":{"start":{"line":115,"column":0},"end":{"line":115,"column":23}},"115":{"start":{"line":116,"column":0},"end":{"line":116,"column":10}},"116":{"start":{"line":117,"column":0},"end":{"line":117,"column":7}},"118":{"start":{"line":119,"column":0},"end":{"line":119,"column":15}},"119":{"start":{"line":120,"column":0},"end":{"line":120,"column":10}},"121":{"start":{"line":122,"column":0},"end":{"line":122,"column":2}},"123":{"start":{"line":124,"column":0},"end":{"line":124,"column":31}}},"s":{"52":1,"53":1,"55":1,"56":6,"57":6,"59":6,"60":6,"61":6,"62":6,"64":6,"65":2,"66":2,"67":2,"68":2,"69":2,"70":1,"71":1,"72":1,"73":2,"75":6,"77":5,"78":5,"79":5,"80":2,"81":2,"82":2,"83":2,"84":2,"85":2,"86":2,"87":2,"89":6,"90":6,"91":6,"92":6,"93":6,"94":6,"96":6,"97":6,"98":6,"99":6,"100":6,"101":6,"102":6,"103":6,"104":6,"105":6,"107":6,"108":6,"109":6,"110":6,"111":6,"112":6,"113":6,"114":6,"115":6,"116":6,"118":6,"119":6,"121":6,"123":1},"branchMap":{"0":{"type":"branch","line":56,"loc":{"start":{"line":56,"column":24},"end":{"line":122,"column":2}},"locations":[{"start":{"line":56,"column":24},"end":{"line":122,"column":2}}]},"1":{"type":"branch","line":60,"loc":{"start":{"line":60,"column":65},"end":{"line":60,"column":74}},"locations":[{"start":{"line":60,"column":65},"end":{"line":60,"column":74}}]},"2":{"type":"branch","line":61,"loc":{"start":{"line":61,"column":65},"end":{"line":61,"column":74}},"locations":[{"start":{"line":61,"column":65},"end":{"line":61,"column":74}}]},"3":{"type":"branch","line":76,"loc":{"start":{"line":76,"column":30},"end":{"line":76,"column":88}},"locations":[{"start":{"line":76,"column":30},"end":{"line":76,"column":88}}]},"4":{"type":"branch","line":76,"loc":{"start":{"line":76,"column":83},"end":{"line":80,"column":19}},"locations":[{"start":{"line":76,"column":83},"end":{"line":80,"column":19}}]},"5":{"type":"branch","line":80,"loc":{"start":{"line":80,"column":7},"end":{"line":88,"column":14}},"locations":[{"start":{"line":80,"column":7},"end":{"line":88,"column":14}}]},"6":{"type":"branch","line":82,"loc":{"start":{"line":82,"column":55},"end":{"line":82,"column":71}},"locations":[{"start":{"line":82,"column":55},"end":{"line":82,"column":71}}]},"7":{"type":"branch","line":87,"loc":{"start":{"line":87,"column":11},"end":{"line":87,"column":105}},"locations":[{"start":{"line":87,"column":11},"end":{"line":87,"column":105}}]},"8":{"type":"branch","line":65,"loc":{"start":{"line":65,"column":24},"end":{"line":74,"column":4}},"locations":[{"start":{"line":65,"column":24},"end":{"line":74,"column":4}}]},"9":{"type":"branch","line":67,"loc":{"start":{"line":67,"column":68},"end":{"line":68,"column":32}},"locations":[{"start":{"line":67,"column":68},"end":{"line":68,"column":32}}]},"10":{"type":"branch","line":68,"loc":{"start":{"line":68,"column":21},"end":{"line":68,"column":51}},"locations":[{"start":{"line":68,"column":21},"end":{"line":68,"column":51}}]},"11":{"type":"branch","line":69,"loc":{"start":{"line":69,"column":24},"end":{"line":69,"column":40}},"locations":[{"start":{"line":69,"column":24},"end":{"line":69,"column":40}}]},"12":{"type":"branch","line":70,"loc":{"start":{"line":70,"column":4},"end":{"line":73,"column":5}},"locations":[{"start":{"line":70,"column":4},"end":{"line":73,"column":5}}]},"13":{"type":"branch","line":98,"loc":{"start":{"line":98,"column":17},"end":{"line":98,"column":48}},"locations":[{"start":{"line":98,"column":17},"end":{"line":98,"column":48}}]},"14":{"type":"branch","line":110,"loc":{"start":{"line":110,"column":17},"end":{"line":110,"column":49}},"locations":[{"start":{"line":110,"column":17},"end":{"line":110,"column":49}}]}},"b":{"0":[6],"1":[0],"2":[0],"3":[1],"4":[5],"5":[2],"6":[0],"7":[1],"8":[2],"9":[1],"10":[0],"11":[0],"12":[1],"13":[1],"14":[1]},"fnMap":{"0":{"name":"FirmarSolicitud","decl":{"start":{"line":56,"column":24},"end":{"line":122,"column":2}},"loc":{"start":{"line":56,"column":24},"end":{"line":122,"column":2}},"line":56},"1":{"name":"manejarAccion","decl":{"start":{"line":65,"column":24},"end":{"line":74,"column":4}},"loc":{"start":{"line":65,"column":24},"end":{"line":74,"column":4}},"line":65},"2":{"name":"onClick","decl":{"start":{"line":98,"column":17},"end":{"line":98,"column":48}},"loc":{"start":{"line":98,"column":17},"end":{"line":98,"column":48}},"line":98},"3":{"name":"onClick","decl":{"start":{"line":110,"column":17},"end":{"line":110,"column":49}},"loc":{"start":{"line":110,"column":17},"end":{"line":110,"column":49}},"line":110}},"f":{"0":6,"1":2,"2":1,"3":1}}
,"C:\\Users\\User\\Desktop\\PruebaTecnica\\frontend\\aprobador-app\\src\\pages\\ValidarToken.tsx": {"path":"C:\\Users\\User\\Desktop\\PruebaTecnica\\frontend\\aprobador-app\\src\\pages\\ValidarToken.tsx","all":false,"statementMap":{"0":{"start":{"line":1,"column":0},"end":{"line":1,"column":64}},"1":{"start":{"line":2,"column":0},"end":{"line":2,"column":44}},"2":{"start":{"line":3,"column":0},"end":{"line":3,"column":48}},"4":{"start":{"line":5,"column":0},"end":{"line":5,"column":28}},"5":{"start":{"line":6,"column":0},"end":{"line":6,"column":43}},"6":{"start":{"line":7,"column":0},"end":{"line":7,"column":33}},"8":{"start":{"line":9,"column":0},"end":{"line":9,"column":64}},"9":{"start":{"line":10,"column":0},"end":{"line":10,"column":41}},"10":{"start":{"line":11,"column":0},"end":{"line":11,"column":41}},"11":{"start":{"line":12,"column":0},"end":{"line":12,"column":48}},"14":{"start":{"line":15,"column":0},"end":{"line":15,"column":19}},"15":{"start":{"line":16,"column":0},"end":{"line":16,"column":23}},"16":{"start":{"line":17,"column":0},"end":{"line":17,"column":29}},"17":{"start":{"line":18,"column":0},"end":{"line":18,"column":5}},"18":{"start":{"line":19,"column":0},"end":{"line":19,"column":21}},"20":{"start":{"line":21,"column":0},"end":{"line":21,"column":37}},"21":{"start":{"line":22,"column":0},"end":{"line":22,"column":17}},"22":{"start":{"line":23,"column":0},"end":{"line":23,"column":17}},"23":{"start":{"line":24,"column":0},"end":{"line":24,"column":41}},"24":{"start":{"line":25,"column":0},"end":{"line":25,"column":13}},"25":{"start":{"line":26,"column":0},"end":{"line":26,"column":5}},"27":{"start":{"line":28,"column":0},"end":{"line":28,"column":21}},"28":{"start":{"line":29,"column":0},"end":{"line":29,"column":9}},"29":{"start":{"line":30,"column":0},"end":{"line":30,"column":45}},"30":{"start":{"line":31,"column":0},"end":{"line":31,"column":45}},"31":{"start":{"line":32,"column":0},"end":{"line":32,"column":47}},"32":{"start":{"line":33,"column":0},"end":{"line":33,"column":65}},"33":{"start":{"line":34,"column":0},"end":{"line":34,"column":75}},"34":{"start":{"line":35,"column":0},"end":{"line":35,"column":75}},"35":{"start":{"line":36,"column":0},"end":{"line":36,"column":36}},"36":{"start":{"line":37,"column":0},"end":{"line":37,"column":14}},"37":{"start":{"line":38,"column":0},"end":{"line":38,"column":46}},"38":{"start":{"line":39,"column":0},"end":{"line":39,"column":7}},"39":{"start":{"line":40,"column":0},"end":{"line":40,"column":13}},"40":{"start":{"line":41,"column":0},"end":{"line":41,"column":43}},"41":{"start":{"line":42,"column":0},"end":{"line":42,"column":15}},"42":{"start":{"line":43,"column":0},"end":{"line":43,"column":24}},"43":{"start":{"line":44,"column":0},"end":{"line":44,"column":5}},"44":{"start":{"line":45,"column":0},"end":{"line":45,"column":4}},"46":{"start":{"line":47,"column":0},"end":{"line":47,"column":10}},"47":{"start":{"line":48,"column":0},"end":{"line":48,"column":33}},"48":{"start":{"line":49,"column":0},"end":{"line":49,"column":32}},"49":{"start":{"line":50,"column":0},"end":{"line":50,"column":12}},"50":{"start":{"line":51,"column":0},"end":{"line":51,"column":19}},"51":{"start":{"line":52,"column":0},"end":{"line":52,"column":21}},"52":{"start":{"line":53,"column":0},"end":{"line":53,"column":50}},"53":{"start":{"line":54,"column":0},"end":{"line":54,"column":38}},"54":{"start":{"line":55,"column":0},"end":{"line":55,"column":64}},"55":{"start":{"line":56,"column":0},"end":{"line":56,"column":8}},"56":{"start":{"line":57,"column":0},"end":{"line":57,"column":13}},"57":{"start":{"line":58,"column":0},"end":{"line":58,"column":31}},"58":{"start":{"line":59,"column":0},"end":{"line":59,"column":26}},"59":{"start":{"line":60,"column":0},"end":{"line":60,"column":84}},"61":{"start":{"line":62,"column":0},"end":{"line":62,"column":52}},"62":{"start":{"line":63,"column":0},"end":{"line":63,"column":15}},"63":{"start":{"line":64,"column":0},"end":{"line":64,"column":71}},"64":{"start":{"line":65,"column":0},"end":{"line":65,"column":10}},"66":{"start":{"line":67,"column":0},"end":{"line":67,"column":2}},"68":{"start":{"line":69,"column":0},"end":{"line":69,"column":28}}},"s":{"0":1,"1":1,"2":1,"4":1,"5":17,"6":17,"8":17,"9":17,"10":17,"11":17,"14":17,"15":6,"16":4,"17":4,"18":17,"20":17,"21":4,"22":4,"23":1,"24":1,"25":1,"27":3,"28":3,"29":3,"30":4,"31":1,"32":1,"33":1,"34":1,"35":1,"36":1,"37":1,"38":1,"39":4,"40":1,"41":4,"42":3,"43":3,"44":4,"46":17,"47":17,"48":17,"49":17,"50":17,"51":17,"52":17,"53":17,"54":17,"55":17,"56":17,"57":17,"58":17,"59":17,"61":17,"62":17,"63":17,"64":17,"66":17,"68":1},"branchMap":{"0":{"type":"branch","line":5,"loc":{"start":{"line":5,"column":21},"end":{"line":67,"column":2}},"locations":[{"start":{"line":5,"column":21},"end":{"line":67,"column":2}}]},"1":{"type":"branch","line":9,"loc":{"start":{"line":9,"column":56},"end":{"line":9,"column":64}},"locations":[{"start":{"line":9,"column":56},"end":{"line":9,"column":64}}]},"2":{"type":"branch","line":62,"loc":{"start":{"line":62,"column":9},"end":{"line":62,"column":36}},"locations":[{"start":{"line":62,"column":9},"end":{"line":62,"column":36}}]},"3":{"type":"branch","line":62,"loc":{"start":{"line":62,"column":19},"end":{"line":62,"column":52}},"locations":[{"start":{"line":62,"column":19},"end":{"line":62,"column":52}}]},"4":{"type":"branch","line":64,"loc":{"start":{"line":64,"column":7},"end":{"line":64,"column":71}},"locations":[{"start":{"line":64,"column":7},"end":{"line":64,"column":71}}]},"5":{"type":"branch","line":15,"loc":{"start":{"line":15,"column":12},"end":{"line":19,"column":5}},"locations":[{"start":{"line":15,"column":12},"end":{"line":19,"column":5}}]},"6":{"type":"branch","line":16,"loc":{"start":{"line":16,"column":22},"end":{"line":18,"column":5}},"locations":[{"start":{"line":16,"column":22},"end":{"line":18,"column":5}}]},"7":{"type":"branch","line":21,"loc":{"start":{"line":21,"column":24},"end":{"line":45,"column":4}},"locations":[{"start":{"line":21,"column":24},"end":{"line":45,"column":4}}]},"8":{"type":"branch","line":23,"loc":{"start":{"line":23,"column":16},"end":{"line":26,"column":5}},"locations":[{"start":{"line":23,"column":16},"end":{"line":26,"column":5}}]},"9":{"type":"branch","line":26,"loc":{"start":{"line":26,"column":4},"end":{"line":30,"column":45}},"locations":[{"start":{"line":26,"column":4},"end":{"line":30,"column":45}}]},"10":{"type":"branch","line":30,"loc":{"start":{"line":30,"column":43},"end":{"line":31,"column":28}},"locations":[{"start":{"line":30,"column":43},"end":{"line":31,"column":28}}]},"11":{"type":"branch","line":31,"loc":{"start":{"line":31,"column":15},"end":{"line":31,"column":44}},"locations":[{"start":{"line":31,"column":15},"end":{"line":31,"column":44}}]},"12":{"type":"branch","line":31,"loc":{"start":{"line":31,"column":44},"end":{"line":39,"column":7}},"locations":[{"start":{"line":31,"column":44},"end":{"line":39,"column":7}}]},"13":{"type":"branch","line":40,"loc":{"start":{"line":40,"column":4},"end":{"line":42,"column":6}},"locations":[{"start":{"line":40,"column":4},"end":{"line":42,"column":6}}]},"14":{"type":"branch","line":42,"loc":{"start":{"line":42,"column":4},"end":{"line":44,"column":5}},"locations":[{"start":{"line":42,"column":4},"end":{"line":44,"column":5}}]}},"b":{"0":[17],"1":[3],"2":[3],"3":[14],"4":[3],"5":[6],"6":[4],"7":[4],"8":[1],"9":[3],"10":[2],"11":[1],"12":[1],"13":[1],"14":[3]},"fnMap":{"0":{"name":"ValidarToken","decl":{"start":{"line":5,"column":21},"end":{"line":67,"column":2}},"loc":{"start":{"line":5,"column":21},"end":{"line":67,"column":2}},"line":5},"1":{"name":"handleValidar","decl":{"start":{"line":21,"column":24},"end":{"line":45,"column":4}},"loc":{"start":{"line":21,"column":24},"end":{"line":45,"column":4}},"line":21},"2":{"name":"onChange","decl":{"start":{"line":53,"column":18},"end":{"line":53,"column":50}},"loc":{"start":{"line":53,"column":18},"end":{"line":53,"column":50}},"line":53}},"f":{"0":17,"1":4,"2":0}}
,"C:\\Users\\User\\Desktop\\PruebaTecnica\\frontend\\aprobador-app\\src\\routes\\aprobador.routes.tsx": {"path":"C:\\Users\\User\\Desktop\\PruebaTecnica\\frontend\\aprobador-app\\src\\routes\\aprobador.routes.tsx","all":false,"statementMap":{"0":{"start":{"line":1,"column":0},"end":{"line":1,"column":62}},"3":{"start":{"line":4,"column":0},"end":{"line":4,"column":49}},"4":{"start":{"line":5,"column":0},"end":{"line":5,"column":55}},"6":{"start":{"line":7,"column":0},"end":{"line":7,"column":31}},"7":{"start":{"line":8,"column":0},"end":{"line":8,"column":33}},"8":{"start":{"line":9,"column":0},"end":{"line":9,"column":84}},"10":{"start":{"line":11,"column":0},"end":{"line":11,"column":10}},"11":{"start":{"line":12,"column":0},"end":{"line":12,"column":12}},"12":{"start":{"line":13,"column":0},"end":{"line":13,"column":51}},"13":{"start":{"line":14,"column":0},"end":{"line":14,"column":60}},"14":{"start":{"line":15,"column":0},"end":{"line":15,"column":13}},"16":{"start":{"line":17,"column":0},"end":{"line":17,"column":2}},"18":{"start":{"line":19,"column":0},"end":{"line":19,"column":31}}},"s":{"0":1,"3":1,"4":1,"6":1,"7":1,"8":1,"10":1,"11":1,"12":1,"13":1,"14":1,"16":1,"18":1},"branchMap":{"0":{"type":"branch","line":7,"loc":{"start":{"line":7,"column":24},"end":{"line":17,"column":2}},"locations":[{"start":{"line":7,"column":24},"end":{"line":17,"column":2}}]}},"b":{"0":[1]},"fnMap":{"0":{"name":"AprobadorRoutes","decl":{"start":{"line":7,"column":24},"end":{"line":17,"column":2}},"loc":{"start":{"line":7,"column":24},"end":{"line":17,"column":2}},"line":7}},"f":{"0":1}}
,"C:\\Users\\User\\Desktop\\PruebaTecnica\\frontend\\aprobador-app\\src\\services\\api.ts": {"path":"C:\\Users\\User\\Desktop\\PruebaTecnica\\frontend\\aprobador-app\\src\\services\\api.ts","all":false,"statementMap":{"0":{"start":{"line":1,"column":0},"end":{"line":1,"column":26}},"2":{"start":{"line":3,"column":0},"end":{"line":3,"column":78}},"4":{"start":{"line":5,"column":0},"end":{"line":5,"column":55}},"5":{"start":{"line":6,"column":0},"end":{"line":6,"column":92}},"6":{"start":{"line":7,"column":0},"end":{"line":7,"column":40}},"7":{"start":{"line":8,"column":0},"end":{"line":8,"column":2}},"9":{"start":{"line":10,"column":0},"end":{"line":10,"column":38}},"10":{"start":{"line":11,"column":0},"end":{"line":11,"column":22}},"11":{"start":{"line":12,"column":0},"end":{"line":12,"column":16}},"12":{"start":{"line":13,"column":0},"end":{"line":13,"column":32}},"13":{"start":{"line":14,"column":0},"end":{"line":14,"column":6}},"14":{"start":{"line":15,"column":0},"end":{"line":15,"column":70}},"15":{"start":{"line":16,"column":0},"end":{"line":16,"column":16}},"16":{"start":{"line":17,"column":0},"end":{"line":17,"column":10}},"17":{"start":{"line":18,"column":0},"end":{"line":18,"column":10}},"18":{"start":{"line":19,"column":0},"end":{"line":19,"column":5}},"19":{"start":{"line":20,"column":0},"end":{"line":20,"column":23}},"20":{"start":{"line":21,"column":0},"end":{"line":21,"column":2}}},"s":{"0":1,"2":1,"4":1,"5":2,"6":1,"7":1,"9":1,"10":2,"11":2,"12":2,"13":2,"14":2,"15":2,"16":2,"17":2,"18":2,"19":1,"20":1},"branchMap":{"0":{"type":"branch","line":5,"loc":{"start":{"line":5,"column":29},"end":{"line":8,"column":2}},"locations":[{"start":{"line":5,"column":29},"end":{"line":8,"column":2}}]},"1":{"type":"branch","line":6,"loc":{"start":{"line":6,"column":90},"end":{"line":8,"column":2}},"locations":[{"start":{"line":6,"column":90},"end":{"line":8,"column":2}}]},"2":{"type":"branch","line":10,"loc":{"start":{"line":10,"column":31},"end":{"line":21,"column":2}},"locations":[{"start":{"line":10,"column":31},"end":{"line":21,"column":2}}]},"3":{"type":"branch","line":19,"loc":{"start":{"line":19,"column":3},"end":{"line":21,"column":2}},"locations":[{"start":{"line":19,"column":3},"end":{"line":21,"column":2}}]}},"b":{"0":[2],"1":[1],"2":[2],"3":[1]},"fnMap":{"0":{"name":"validarAcceso","decl":{"start":{"line":5,"column":29},"end":{"line":8,"column":2}},"loc":{"start":{"line":5,"column":29},"end":{"line":8,"column":2}},"line":5},"1":{"name":"firmarSolicitud","decl":{"start":{"line":10,"column":31},"end":{"line":21,"column":2}},"loc":{"start":{"line":10,"column":31},"end":{"line":21,"column":2}},"line":10}},"f":{"0":2,"1":2}}
}
