{"C:\\Users\\User\\Desktop\\PruebaTecnica\\frontend\\solicitante-app\\src\\App.tsx": {"path":"C:\\Users\\User\\Desktop\\PruebaTecnica\\frontend\\solicitante-app\\src\\App.tsx","all":true,"statementMap":{"0":{"start":{"line":1,"column":0},"end":{"line":1,"column":32}},"1":{"start":{"line":2,"column":0},"end":{"line":2,"column":42}},"2":{"start":{"line":3,"column":0},"end":{"line":3,"column":32}},"3":{"start":{"line":4,"column":0},"end":{"line":4,"column":18}},"5":{"start":{"line":6,"column":0},"end":{"line":6,"column":16}},"6":{"start":{"line":7,"column":0},"end":{"line":7,"column":39}},"8":{"start":{"line":9,"column":0},"end":{"line":9,"column":10}},"9":{"start":{"line":10,"column":0},"end":{"line":10,"column":6}},"10":{"start":{"line":11,"column":0},"end":{"line":11,"column":11}},"11":{"start":{"line":12,"column":0},"end":{"line":12,"column":51}},"12":{"start":{"line":13,"column":0},"end":{"line":13,"column":65}},"13":{"start":{"line":14,"column":0},"end":{"line":14,"column":12}},"14":{"start":{"line":15,"column":0},"end":{"line":15,"column":52}},"15":{"start":{"line":16,"column":0},"end":{"line":16,"column":73}},"16":{"start":{"line":17,"column":0},"end":{"line":17,"column":12}},"17":{"start":{"line":18,"column":0},"end":{"line":18,"column":12}},"18":{"start":{"line":19,"column":0},"end":{"line":19,"column":27}},"19":{"start":{"line":20,"column":0},"end":{"line":20,"column":28}},"20":{"start":{"line":21,"column":0},"end":{"line":21,"column":63}},"21":{"start":{"line":22,"column":0},"end":{"line":22,"column":26}},"22":{"start":{"line":23,"column":0},"end":{"line":23,"column":17}},"23":{"start":{"line":24,"column":0},"end":{"line":24,"column":11}},"24":{"start":{"line":25,"column":0},"end":{"line":25,"column":60}},"25":{"start":{"line":26,"column":0},"end":{"line":26,"column":12}},"26":{"start":{"line":27,"column":0},"end":{"line":27,"column":12}},"27":{"start":{"line":28,"column":0},"end":{"line":28,"column":35}},"29":{"start":{"line":30,"column":0},"end":{"line":30,"column":10}},"30":{"start":{"line":31,"column":0},"end":{"line":31,"column":7}},"32":{"start":{"line":33,"column":0},"end":{"line":33,"column":1}},"34":{"start":{"line":35,"column":0},"end":{"line":35,"column":18}}},"s":{"0":0,"1":0,"2":0,"3":0,"5":0,"6":0,"8":0,"9":0,"10":0,"11":0,"12":0,"13":0,"14":0,"15":0,"16":0,"17":0,"18":0,"19":0,"20":0,"21":0,"22":0,"23":0,"24":0,"25":0,"26":0,"27":0,"29":0,"30":0,"32":0,"34":0},"branchMap":{"0":{"type":"branch","line":1,"loc":{"start":{"line":1,"column":902},"end":{"line":35,"column":18}},"locations":[{"start":{"line":1,"column":902},"end":{"line":35,"column":18}}]}},"b":{"0":[0]},"fnMap":{"0":{"name":"(empty-report)","decl":{"start":{"line":1,"column":902},"end":{"line":35,"column":18}},"loc":{"start":{"line":1,"column":902},"end":{"line":35,"column":18}},"line":1}},"f":{"0":0}}
,"C:\\Users\\User\\Desktop\\PruebaTecnica\\frontend\\solicitante-app\\src\\main.tsx": {"path":"C:\\Users\\User\\Desktop\\PruebaTecnica\\frontend\\solicitante-app\\src\\main.tsx","all":true,"statementMap":{"11":{"start":{"line":12,"column":0},"end":{"line":12,"column":26}},"12":{"start":{"line":13,"column":0},"end":{"line":13,"column":40}},"13":{"start":{"line":14,"column":0},"end":{"line":14,"column":49}},"14":{"start":{"line":15,"column":0},"end":{"line":15,"column":24}},"15":{"start":{"line":16,"column":0},"end":{"line":16,"column":21}},"17":{"start":{"line":18,"column":0},"end":{"line":18,"column":61}},"18":{"start":{"line":19,"column":0},"end":{"line":19,"column":20}},"19":{"start":{"line":20,"column":0},"end":{"line":20,"column":19}},"20":{"start":{"line":21,"column":0},"end":{"line":21,"column":13}},"21":{"start":{"line":22,"column":0},"end":{"line":22,"column":20}},"22":{"start":{"line":23,"column":0},"end":{"line":23,"column":21}},"23":{"start":{"line":24,"column":0},"end":{"line":24,"column":2}}},"s":{"11":0,"12":0,"13":0,"14":0,"15":0,"17":0,"18":0,"19":0,"20":0,"21":0,"22":0,"23":0},"branchMap":{"0":{"type":"branch","line":1,"loc":{"start":{"line":1,"column":533},"end":{"line":24,"column":-162}},"locations":[{"start":{"line":1,"column":533},"end":{"line":24,"column":-162}}]}},"b":{"0":[1]},"fnMap":{"0":{"name":"(empty-report)","decl":{"start":{"line":1,"column":533},"end":{"line":24,"column":-162}},"loc":{"start":{"line":1,"column":533},"end":{"line":24,"column":-162}},"line":1}},"f":{"0":1}}
,"C:\\Users\\User\\Desktop\\PruebaTecnica\\frontend\\solicitante-app\\src\\pages\\CrearSolicitud.tsx": {"path":"C:\\Users\\User\\Desktop\\PruebaTecnica\\frontend\\solicitante-app\\src\\pages\\CrearSolicitud.tsx","all":false,"statementMap":{"2":{"start":{"line":3,"column":0},"end":{"line":3,"column":40}},"3":{"start":{"line":4,"column":0},"end":{"line":4,"column":49}},"5":{"start":{"line":6,"column":0},"end":{"line":6,"column":40}},"6":{"start":{"line":7,"column":0},"end":{"line":7,"column":43}},"7":{"start":{"line":8,"column":0},"end":{"line":8,"column":53}},"8":{"start":{"line":9,"column":0},"end":{"line":9,"column":41}},"9":{"start":{"line":10,"column":0},"end":{"line":10,"column":53}},"10":{"start":{"line":11,"column":0},"end":{"line":11,"column":50}},"11":{"start":{"line":12,"column":0},"end":{"line":12,"column":31}},"12":{"start":{"line":13,"column":0},"end":{"line":13,"column":31}},"13":{"start":{"line":14,"column":0},"end":{"line":14,"column":30}},"14":{"start":{"line":15,"column":0},"end":{"line":15,"column":5}},"15":{"start":{"line":16,"column":0},"end":{"line":16,"column":56}},"17":{"start":{"line":18,"column":0},"end":{"line":18,"column":95}},"18":{"start":{"line":19,"column":0},"end":{"line":19,"column":36}},"19":{"start":{"line":20,"column":0},"end":{"line":20,"column":33}},"20":{"start":{"line":21,"column":0},"end":{"line":21,"column":27}},"21":{"start":{"line":22,"column":0},"end":{"line":22,"column":4}},"23":{"start":{"line":24,"column":0},"end":{"line":24,"column":54}},"24":{"start":{"line":25,"column":0},"end":{"line":25,"column":23}},"26":{"start":{"line":27,"column":0},"end":{"line":27,"column":21}},"27":{"start":{"line":28,"column":0},"end":{"line":28,"column":13}},"28":{"start":{"line":29,"column":0},"end":{"line":29,"column":18}},"29":{"start":{"line":30,"column":0},"end":{"line":30,"column":31}},"30":{"start":{"line":31,"column":0},"end":{"line":31,"column":18}},"31":{"start":{"line":32,"column":0},"end":{"line":32,"column":17}},"32":{"start":{"line":33,"column":0},"end":{"line":33,"column":6}},"34":{"start":{"line":35,"column":0},"end":{"line":35,"column":9}},"35":{"start":{"line":36,"column":0},"end":{"line":36,"column":53}},"36":{"start":{"line":37,"column":0},"end":{"line":37,"column":29}},"37":{"start":{"line":38,"column":0},"end":{"line":38,"column":21}},"38":{"start":{"line":39,"column":0},"end":{"line":39,"column":43}},"39":{"start":{"line":40,"column":0},"end":{"line":40,"column":5}},"40":{"start":{"line":41,"column":0},"end":{"line":41,"column":4}},"42":{"start":{"line":43,"column":0},"end":{"line":43,"column":10}},"43":{"start":{"line":44,"column":0},"end":{"line":44,"column":85}},"44":{"start":{"line":45,"column":0},"end":{"line":45,"column":142}},"45":{"start":{"line":46,"column":0},"end":{"line":46,"column":92}},"47":{"start":{"line":48,"column":0},"end":{"line":48,"column":100}},"48":{"start":{"line":49,"column":0},"end":{"line":49,"column":139}},"50":{"start":{"line":51,"column":0},"end":{"line":51,"column":19}},"51":{"start":{"line":52,"column":0},"end":{"line":52,"column":37}},"52":{"start":{"line":53,"column":0},"end":{"line":53,"column":31}},"53":{"start":{"line":54,"column":0},"end":{"line":54,"column":60}},"54":{"start":{"line":55,"column":0},"end":{"line":55,"column":20}},"55":{"start":{"line":56,"column":0},"end":{"line":56,"column":80}},"56":{"start":{"line":57,"column":0},"end":{"line":57,"column":12}},"58":{"start":{"line":59,"column":0},"end":{"line":59,"column":138}},"59":{"start":{"line":60,"column":0},"end":{"line":60,"column":166}},"61":{"start":{"line":62,"column":0},"end":{"line":62,"column":15}},"62":{"start":{"line":63,"column":0},"end":{"line":63,"column":61}},"63":{"start":{"line":64,"column":0},"end":{"line":64,"column":41}},"64":{"start":{"line":65,"column":0},"end":{"line":65,"column":80}},"65":{"start":{"line":66,"column":0},"end":{"line":66,"column":200}},"66":{"start":{"line":67,"column":0},"end":{"line":67,"column":201}},"67":{"start":{"line":68,"column":0},"end":{"line":68,"column":20}},"68":{"start":{"line":69,"column":0},"end":{"line":69,"column":15}},"69":{"start":{"line":70,"column":0},"end":{"line":70,"column":16}},"71":{"start":{"line":72,"column":0},"end":{"line":72,"column":77}},"72":{"start":{"line":73,"column":0},"end":{"line":73,"column":15}},"74":{"start":{"line":75,"column":0},"end":{"line":75,"column":23}},"75":{"start":{"line":76,"column":0},"end":{"line":76,"column":23}},"76":{"start":{"line":77,"column":0},"end":{"line":77,"column":26}},"77":{"start":{"line":78,"column":0},"end":{"line":78,"column":39}},"78":{"start":{"line":79,"column":0},"end":{"line":79,"column":24}},"79":{"start":{"line":80,"column":0},"end":{"line":80,"column":29}},"80":{"start":{"line":81,"column":0},"end":{"line":81,"column":39}},"81":{"start":{"line":82,"column":0},"end":{"line":82,"column":13}},"82":{"start":{"line":83,"column":0},"end":{"line":83,"column":62}},"83":{"start":{"line":84,"column":0},"end":{"line":84,"column":35}},"84":{"start":{"line":85,"column":0},"end":{"line":85,"column":17}},"85":{"start":{"line":86,"column":0},"end":{"line":86,"column":44}},"86":{"start":{"line":87,"column":0},"end":{"line":87,"column":68}},"87":{"start":{"line":88,"column":0},"end":{"line":88,"column":16}},"88":{"start":{"line":89,"column":0},"end":{"line":89,"column":57}},"89":{"start":{"line":90,"column":0},"end":{"line":90,"column":61}},"90":{"start":{"line":91,"column":0},"end":{"line":91,"column":65}},"91":{"start":{"line":92,"column":0},"end":{"line":92,"column":28}},"92":{"start":{"line":93,"column":0},"end":{"line":93,"column":124}},"93":{"start":{"line":94,"column":0},"end":{"line":94,"column":37}},"94":{"start":{"line":95,"column":0},"end":{"line":95,"column":22}},"95":{"start":{"line":96,"column":0},"end":{"line":96,"column":21}},"96":{"start":{"line":97,"column":0},"end":{"line":97,"column":17}},"97":{"start":{"line":98,"column":0},"end":{"line":98,"column":17}},"98":{"start":{"line":99,"column":0},"end":{"line":99,"column":16}},"100":{"start":{"line":101,"column":0},"end":{"line":101,"column":12}},"101":{"start":{"line":102,"column":0},"end":{"line":102,"column":10}},"103":{"start":{"line":104,"column":0},"end":{"line":104,"column":2}},"105":{"start":{"line":106,"column":0},"end":{"line":106,"column":41}},"106":{"start":{"line":107,"column":0},"end":{"line":107,"column":23}},"107":{"start":{"line":108,"column":0},"end":{"line":108,"column":27}},"108":{"start":{"line":109,"column":0},"end":{"line":109,"column":18}},"109":{"start":{"line":110,"column":0},"end":{"line":110,"column":15}},"110":{"start":{"line":111,"column":0},"end":{"line":111,"column":16}},"111":{"start":{"line":112,"column":0},"end":{"line":112,"column":26}},"112":{"start":{"line":113,"column":0},"end":{"line":113,"column":2}},"114":{"start":{"line":115,"column":0},"end":{"line":115,"column":42}},"115":{"start":{"line":116,"column":0},"end":{"line":116,"column":29}},"116":{"start":{"line":117,"column":0},"end":{"line":117,"column":16}},"117":{"start":{"line":118,"column":0},"end":{"line":118,"column":23}},"118":{"start":{"line":119,"column":0},"end":{"line":119,"column":17}},"119":{"start":{"line":120,"column":0},"end":{"line":120,"column":18}},"120":{"start":{"line":121,"column":0},"end":{"line":121,"column":21}},"121":{"start":{"line":122,"column":0},"end":{"line":122,"column":15}},"122":{"start":{"line":123,"column":0},"end":{"line":123,"column":20}},"123":{"start":{"line":124,"column":0},"end":{"line":124,"column":42}},"124":{"start":{"line":125,"column":0},"end":{"line":125,"column":2}},"126":{"start":{"line":127,"column":0},"end":{"line":127,"column":30}}},"s":{"2":1,"3":1,"5":1,"6":13,"7":13,"8":13,"9":13,"10":13,"11":13,"12":13,"13":13,"14":13,"15":13,"17":13,"18":6,"19":6,"20":6,"21":6,"23":13,"24":1,"26":1,"27":1,"28":1,"29":1,"30":1,"31":1,"32":1,"34":1,"35":1,"36":1,"37":1,"38":0,"39":0,"40":1,"42":13,"43":13,"44":13,"45":13,"47":13,"48":13,"50":13,"51":13,"52":13,"53":13,"54":13,"55":13,"56":13,"58":13,"59":13,"61":13,"62":13,"63":13,"64":39,"65":39,"66":39,"67":39,"68":13,"69":13,"71":13,"72":13,"74":13,"75":1,"76":1,"77":1,"78":1,"79":1,"80":1,"81":1,"82":1,"83":1,"84":1,"85":1,"86":1,"87":1,"88":1,"89":1,"90":1,"91":3,"92":3,"93":3,"94":3,"95":3,"96":1,"97":1,"98":1,"100":13,"101":13,"103":13,"105":1,"106":1,"107":1,"108":1,"109":1,"110":1,"111":1,"112":1,"114":1,"115":1,"116":1,"117":1,"118":1,"119":1,"120":1,"121":1,"122":1,"123":1,"124":1,"126":1},"branchMap":{"0":{"type":"branch","line":6,"loc":{"start":{"line":6,"column":33},"end":{"line":104,"column":2}},"locations":[{"start":{"line":6,"column":33},"end":{"line":104,"column":2}}]},"1":{"type":"branch","line":75,"loc":{"start":{"line":75,"column":9},"end":{"line":99,"column":16}},"locations":[{"start":{"line":75,"column":9},"end":{"line":99,"column":16}}]},"2":{"type":"branch","line":18,"loc":{"start":{"line":18,"column":32},"end":{"line":22,"column":4}},"locations":[{"start":{"line":18,"column":32},"end":{"line":22,"column":4}}]},"3":{"type":"branch","line":24,"loc":{"start":{"line":24,"column":23},"end":{"line":41,"column":4}},"locations":[{"start":{"line":24,"column":23},"end":{"line":41,"column":4}}]},"4":{"type":"branch","line":38,"loc":{"start":{"line":38,"column":4},"end":{"line":40,"column":5}},"locations":[{"start":{"line":38,"column":4},"end":{"line":40,"column":5}}]},"5":{"type":"branch","line":49,"loc":{"start":{"line":49,"column":75},"end":{"line":49,"column":109}},"locations":[{"start":{"line":49,"column":75},"end":{"line":49,"column":109}}]},"6":{"type":"branch","line":54,"loc":{"start":{"line":54,"column":22},"end":{"line":54,"column":60}},"locations":[{"start":{"line":54,"column":22},"end":{"line":54,"column":60}}]},"7":{"type":"branch","line":59,"loc":{"start":{"line":59,"column":75},"end":{"line":59,"column":108}},"locations":[{"start":{"line":59,"column":75},"end":{"line":59,"column":108}}]},"8":{"type":"branch","line":60,"loc":{"start":{"line":60,"column":97},"end":{"line":60,"column":136}},"locations":[{"start":{"line":60,"column":97},"end":{"line":60,"column":136}}]},"9":{"type":"branch","line":64,"loc":{"start":{"line":64,"column":29},"end":{"line":68,"column":20}},"locations":[{"start":{"line":64,"column":29},"end":{"line":68,"column":20}}]},"10":{"type":"branch","line":66,"loc":{"start":{"line":66,"column":95},"end":{"line":66,"column":154}},"locations":[{"start":{"line":66,"column":95},"end":{"line":66,"column":154}}]},"11":{"type":"branch","line":67,"loc":{"start":{"line":67,"column":96},"end":{"line":67,"column":155}},"locations":[{"start":{"line":67,"column":96},"end":{"line":67,"column":155}}]},"12":{"type":"branch","line":91,"loc":{"start":{"line":91,"column":35},"end":{"line":96,"column":21}},"locations":[{"start":{"line":91,"column":35},"end":{"line":96,"column":21}}]}},"b":{"0":[13],"1":[1],"2":[6],"3":[1],"4":[0],"5":[1],"6":[1],"7":[1],"8":[1],"9":[39],"10":[3],"11":[3],"12":[3]},"fnMap":{"0":{"name":"CrearSolicitud","decl":{"start":{"line":6,"column":33},"end":{"line":104,"column":2}},"loc":{"start":{"line":6,"column":33},"end":{"line":104,"column":2}},"line":6},"1":{"name":"handleAprobadorChange","decl":{"start":{"line":18,"column":32},"end":{"line":22,"column":4}},"loc":{"start":{"line":18,"column":32},"end":{"line":22,"column":4}},"line":18},"2":{"name":"handleSubmit","decl":{"start":{"line":24,"column":23},"end":{"line":41,"column":4}},"loc":{"start":{"line":24,"column":23},"end":{"line":41,"column":4}},"line":24},"3":{"name":"onChange","decl":{"start":{"line":49,"column":75},"end":{"line":49,"column":109}},"loc":{"start":{"line":49,"column":75},"end":{"line":49,"column":109}},"line":49},"4":{"name":"onChange","decl":{"start":{"line":54,"column":22},"end":{"line":54,"column":60}},"loc":{"start":{"line":54,"column":22},"end":{"line":54,"column":60}},"line":54},"5":{"name":"onChange","decl":{"start":{"line":59,"column":75},"end":{"line":59,"column":108}},"loc":{"start":{"line":59,"column":75},"end":{"line":59,"column":108}},"line":59},"6":{"name":"onChange","decl":{"start":{"line":60,"column":97},"end":{"line":60,"column":136}},"loc":{"start":{"line":60,"column":97},"end":{"line":60,"column":136}},"line":60},"7":{"name":"onChange","decl":{"start":{"line":66,"column":95},"end":{"line":66,"column":154}},"loc":{"start":{"line":66,"column":95},"end":{"line":66,"column":154}},"line":66},"8":{"name":"onChange","decl":{"start":{"line":67,"column":96},"end":{"line":67,"column":155}},"loc":{"start":{"line":67,"column":96},"end":{"line":67,"column":155}},"line":67}},"f":{"0":13,"1":6,"2":1,"3":1,"4":1,"5":1,"6":1,"7":3,"8":3}}
,"C:\\Users\\User\\Desktop\\PruebaTecnica\\frontend\\solicitante-app\\src\\pages\\ListaSolicitudes.tsx": {"path":"C:\\Users\\User\\Desktop\\PruebaTecnica\\frontend\\solicitante-app\\src\\pages\\ListaSolicitudes.tsx","all":false,"statementMap":{"2":{"start":{"line":3,"column":0},"end":{"line":3,"column":44}},"3":{"start":{"line":4,"column":0},"end":{"line":4,"column":73}},"4":{"start":{"line":5,"column":0},"end":{"line":5,"column":69}},"14":{"start":{"line":15,"column":0},"end":{"line":15,"column":27}},"15":{"start":{"line":16,"column":0},"end":{"line":16,"column":66}},"16":{"start":{"line":17,"column":0},"end":{"line":17,"column":41}},"18":{"start":{"line":19,"column":0},"end":{"line":19,"column":19}},"19":{"start":{"line":20,"column":0},"end":{"line":20,"column":43}},"20":{"start":{"line":21,"column":0},"end":{"line":21,"column":11}},"21":{"start":{"line":22,"column":0},"end":{"line":22,"column":48}},"22":{"start":{"line":23,"column":0},"end":{"line":23,"column":81}},"23":{"start":{"line":24,"column":0},"end":{"line":24,"column":37}},"24":{"start":{"line":25,"column":0},"end":{"line":25,"column":21}},"25":{"start":{"line":26,"column":0},"end":{"line":26,"column":59}},"26":{"start":{"line":27,"column":0},"end":{"line":27,"column":58}},"27":{"start":{"line":28,"column":0},"end":{"line":28,"column":7}},"28":{"start":{"line":29,"column":0},"end":{"line":29,"column":6}},"30":{"start":{"line":31,"column":0},"end":{"line":31,"column":24}},"31":{"start":{"line":32,"column":0},"end":{"line":32,"column":9}},"33":{"start":{"line":34,"column":0},"end":{"line":34,"column":10}},"34":{"start":{"line":35,"column":0},"end":{"line":35,"column":37}},"35":{"start":{"line":36,"column":0},"end":{"line":36,"column":29}},"36":{"start":{"line":37,"column":0},"end":{"line":37,"column":56}},"37":{"start":{"line":38,"column":0},"end":{"line":38,"column":67}},"38":{"start":{"line":39,"column":0},"end":{"line":39,"column":15}},"39":{"start":{"line":40,"column":0},"end":{"line":40,"column":53}},"40":{"start":{"line":41,"column":0},"end":{"line":41,"column":77}},"41":{"start":{"line":42,"column":0},"end":{"line":42,"column":81}},"42":{"start":{"line":43,"column":0},"end":{"line":43,"column":86}},"43":{"start":{"line":44,"column":0},"end":{"line":44,"column":81}},"44":{"start":{"line":45,"column":0},"end":{"line":45,"column":83}},"45":{"start":{"line":46,"column":0},"end":{"line":46,"column":15}},"46":{"start":{"line":47,"column":0},"end":{"line":47,"column":16}},"47":{"start":{"line":48,"column":0},"end":{"line":48,"column":15}},"48":{"start":{"line":49,"column":0},"end":{"line":49,"column":43}},"49":{"start":{"line":50,"column":0},"end":{"line":50,"column":35}},"50":{"start":{"line":51,"column":0},"end":{"line":51,"column":91}},"51":{"start":{"line":52,"column":0},"end":{"line":52,"column":95}},"52":{"start":{"line":53,"column":0},"end":{"line":53,"column":100}},"53":{"start":{"line":54,"column":0},"end":{"line":54,"column":95}},"54":{"start":{"line":55,"column":0},"end":{"line":55,"column":72}},"55":{"start":{"line":56,"column":0},"end":{"line":56,"column":54}},"56":{"start":{"line":57,"column":0},"end":{"line":57,"column":25}},"57":{"start":{"line":58,"column":0},"end":{"line":58,"column":68}},"58":{"start":{"line":59,"column":0},"end":{"line":59,"column":28}},"59":{"start":{"line":60,"column":0},"end":{"line":60,"column":42}},"60":{"start":{"line":61,"column":0},"end":{"line":61,"column":49}},"61":{"start":{"line":62,"column":0},"end":{"line":62,"column":37}},"62":{"start":{"line":63,"column":0},"end":{"line":63,"column":37}},"63":{"start":{"line":64,"column":0},"end":{"line":64,"column":42}},"64":{"start":{"line":65,"column":0},"end":{"line":65,"column":40}},"65":{"start":{"line":66,"column":0},"end":{"line":66,"column":22}},"66":{"start":{"line":67,"column":0},"end":{"line":67,"column":19}},"68":{"start":{"line":69,"column":0},"end":{"line":69,"column":27}},"70":{"start":{"line":71,"column":0},"end":{"line":71,"column":70}},"72":{"start":{"line":73,"column":0},"end":{"line":73,"column":19}},"73":{"start":{"line":74,"column":0},"end":{"line":74,"column":17}},"74":{"start":{"line":75,"column":0},"end":{"line":75,"column":13}},"75":{"start":{"line":76,"column":0},"end":{"line":76,"column":16}},"76":{"start":{"line":77,"column":0},"end":{"line":77,"column":14}},"77":{"start":{"line":78,"column":0},"end":{"line":78,"column":10}},"79":{"start":{"line":80,"column":0},"end":{"line":80,"column":2}},"81":{"start":{"line":82,"column":0},"end":{"line":82,"column":27}}},"s":{"2":1,"3":1,"4":1,"14":1,"15":7,"16":7,"18":7,"19":4,"20":4,"21":4,"22":2,"23":2,"24":3,"25":1,"26":1,"27":1,"28":4,"30":4,"31":7,"33":7,"34":7,"35":7,"36":7,"37":7,"38":7,"39":7,"40":7,"41":7,"42":7,"43":7,"44":7,"45":7,"46":7,"47":7,"48":7,"49":4,"50":4,"51":4,"52":4,"53":4,"54":4,"55":4,"56":2,"57":2,"58":2,"59":2,"60":2,"61":2,"62":2,"63":2,"64":2,"65":2,"66":2,"68":2,"70":2,"72":4,"73":4,"74":7,"75":7,"76":7,"77":7,"79":7,"81":1},"branchMap":{"0":{"type":"branch","line":15,"loc":{"start":{"line":15,"column":20},"end":{"line":80,"column":2}},"locations":[{"start":{"line":15,"column":20},"end":{"line":80,"column":2}}]},"1":{"type":"branch","line":37,"loc":{"start":{"line":37,"column":7},"end":{"line":37,"column":56}},"locations":[{"start":{"line":37,"column":7},"end":{"line":37,"column":56}}]},"2":{"type":"branch","line":19,"loc":{"start":{"line":19,"column":12},"end":{"line":32,"column":5}},"locations":[{"start":{"line":19,"column":12},"end":{"line":32,"column":5}}]},"3":{"type":"branch","line":20,"loc":{"start":{"line":20,"column":30},"end":{"line":29,"column":6}},"locations":[{"start":{"line":20,"column":30},"end":{"line":29,"column":6}}]},"4":{"type":"branch","line":22,"loc":{"start":{"line":22,"column":46},"end":{"line":28,"column":7}},"locations":[{"start":{"line":22,"column":46},"end":{"line":28,"column":7}}]},"5":{"type":"branch","line":22,"loc":{"start":{"line":22,"column":46},"end":{"line":25,"column":15}},"locations":[{"start":{"line":22,"column":46},"end":{"line":25,"column":15}}]},"6":{"type":"branch","line":25,"loc":{"start":{"line":25,"column":6},"end":{"line":28,"column":7}},"locations":[{"start":{"line":25,"column":6},"end":{"line":28,"column":7}}]},"7":{"type":"branch","line":23,"loc":{"start":{"line":23,"column":38},"end":{"line":23,"column":79}},"locations":[{"start":{"line":23,"column":38},"end":{"line":23,"column":79}}]},"8":{"type":"branch","line":49,"loc":{"start":{"line":49,"column":27},"end":{"line":74,"column":17}},"locations":[{"start":{"line":49,"column":27},"end":{"line":74,"column":17}}]},"9":{"type":"branch","line":56,"loc":{"start":{"line":56,"column":38},"end":{"line":69,"column":27}},"locations":[{"start":{"line":56,"column":38},"end":{"line":69,"column":27}}]},"10":{"type":"branch","line":69,"loc":{"start":{"line":69,"column":18},"end":{"line":71,"column":70}},"locations":[{"start":{"line":69,"column":18},"end":{"line":71,"column":70}}]},"11":{"type":"branch","line":58,"loc":{"start":{"line":58,"column":29},"end":{"line":58,"column":68}},"locations":[{"start":{"line":58,"column":29},"end":{"line":58,"column":68}}]}},"b":{"0":[7],"1":[1],"2":[4],"3":[4],"4":[3],"5":[2],"6":[1],"7":[4],"8":[4],"9":[2],"10":[2],"11":[1]},"fnMap":{"0":{"name":"Solicitudes","decl":{"start":{"line":15,"column":20},"end":{"line":80,"column":2}},"loc":{"start":{"line":15,"column":20},"end":{"line":80,"column":2}},"line":15},"1":{"name":"cargarSolicitudes","decl":{"start":{"line":20,"column":30},"end":{"line":29,"column":6}},"loc":{"start":{"line":20,"column":30},"end":{"line":29,"column":6}},"line":20},"2":{"name":"onClick","decl":{"start":{"line":58,"column":29},"end":{"line":58,"column":68}},"loc":{"start":{"line":58,"column":29},"end":{"line":58,"column":68}},"line":58}},"f":{"0":7,"1":4,"2":1}}
,"C:\\Users\\User\\Desktop\\PruebaTecnica\\frontend\\solicitante-app\\src\\pages\\PanelSolicitudes.tsx": {"path":"C:\\Users\\User\\Desktop\\PruebaTecnica\\frontend\\solicitante-app\\src\\pages\\PanelSolicitudes.tsx","all":false,"statementMap":{"1":{"start":{"line":2,"column":0},"end":{"line":2,"column":26}},"2":{"start":{"line":3,"column":0},"end":{"line":3,"column":40}},"4":{"start":{"line":5,"column":0},"end":{"line":5,"column":42}},"5":{"start":{"line":6,"column":0},"end":{"line":6,"column":10}},"6":{"start":{"line":7,"column":0},"end":{"line":7,"column":76}},"7":{"start":{"line":8,"column":0},"end":{"line":8,"column":143}},"8":{"start":{"line":9,"column":0},"end":{"line":9,"column":87}},"9":{"start":{"line":10,"column":0},"end":{"line":10,"column":75}},"10":{"start":{"line":11,"column":0},"end":{"line":11,"column":76}},"11":{"start":{"line":12,"column":0},"end":{"line":12,"column":82}},"12":{"start":{"line":13,"column":0},"end":{"line":13,"column":14}},"13":{"start":{"line":14,"column":0},"end":{"line":14,"column":12}},"14":{"start":{"line":15,"column":0},"end":{"line":15,"column":10}},"16":{"start":{"line":17,"column":0},"end":{"line":17,"column":2}},"18":{"start":{"line":19,"column":0},"end":{"line":19,"column":41}},"19":{"start":{"line":20,"column":0},"end":{"line":20,"column":29}},"20":{"start":{"line":21,"column":0},"end":{"line":21,"column":16}},"21":{"start":{"line":22,"column":0},"end":{"line":22,"column":23}},"22":{"start":{"line":23,"column":0},"end":{"line":23,"column":25}},"23":{"start":{"line":24,"column":0},"end":{"line":24,"column":18}},"24":{"start":{"line":25,"column":0},"end":{"line":25,"column":21}},"25":{"start":{"line":26,"column":0},"end":{"line":26,"column":21}},"26":{"start":{"line":27,"column":0},"end":{"line":27,"column":2}},"28":{"start":{"line":29,"column":0},"end":{"line":29,"column":32}}},"s":{"1":1,"2":1,"4":1,"5":2,"6":2,"7":2,"8":2,"9":2,"10":2,"11":2,"12":2,"13":2,"14":2,"16":2,"18":1,"19":1,"20":1,"21":1,"22":1,"23":1,"24":1,"25":1,"26":1,"28":1},"branchMap":{"0":{"type":"branch","line":5,"loc":{"start":{"line":5,"column":35},"end":{"line":17,"column":2}},"locations":[{"start":{"line":5,"column":35},"end":{"line":17,"column":2}}]}},"b":{"0":[2]},"fnMap":{"0":{"name":"PanelSolicitudes","decl":{"start":{"line":5,"column":35},"end":{"line":17,"column":2}},"loc":{"start":{"line":5,"column":35},"end":{"line":17,"column":2}},"line":5}},"f":{"0":2}}
,"C:\\Users\\User\\Desktop\\PruebaTecnica\\frontend\\solicitante-app\\src\\routes\\solicitante.routes.tsx": {"path":"C:\\Users\\User\\Desktop\\PruebaTecnica\\frontend\\solicitante-app\\src\\routes\\solicitante.routes.tsx","all":false,"statementMap":{"0":{"start":{"line":1,"column":0},"end":{"line":1,"column":26}},"1":{"start":{"line":2,"column":0},"end":{"line":2,"column":49}},"2":{"start":{"line":3,"column":0},"end":{"line":3,"column":53}},"3":{"start":{"line":4,"column":0},"end":{"line":4,"column":57}},"4":{"start":{"line":5,"column":0},"end":{"line":5,"column":57}},"6":{"start":{"line":7,"column":0},"end":{"line":7,"column":43}},"7":{"start":{"line":8,"column":0},"end":{"line":8,"column":10}},"8":{"start":{"line":9,"column":0},"end":{"line":9,"column":12}},"9":{"start":{"line":10,"column":0},"end":{"line":10,"column":55}},"10":{"start":{"line":11,"column":0},"end":{"line":11,"column":57}},"11":{"start":{"line":12,"column":0},"end":{"line":12,"column":59}},"12":{"start":{"line":13,"column":0},"end":{"line":13,"column":13}},"14":{"start":{"line":15,"column":0},"end":{"line":15,"column":2}},"16":{"start":{"line":17,"column":0},"end":{"line":17,"column":33}}},"s":{"0":1,"1":1,"2":1,"3":1,"4":1,"6":1,"7":3,"8":3,"9":3,"10":3,"11":3,"12":3,"14":3,"16":1},"branchMap":{"0":{"type":"branch","line":7,"loc":{"start":{"line":7,"column":36},"end":{"line":15,"column":2}},"locations":[{"start":{"line":7,"column":36},"end":{"line":15,"column":2}}]}},"b":{"0":[3]},"fnMap":{"0":{"name":"SolicitudesRoutes","decl":{"start":{"line":7,"column":36},"end":{"line":15,"column":2}},"loc":{"start":{"line":7,"column":36},"end":{"line":15,"column":2}},"line":7}},"f":{"0":3}}
,"C:\\Users\\User\\Desktop\\PruebaTecnica\\frontend\\solicitante-app\\src\\services\\api.ts": {"path":"C:\\Users\\User\\Desktop\\PruebaTecnica\\frontend\\solicitante-app\\src\\services\\api.ts","all":false,"statementMap":{"0":{"start":{"line":1,"column":0},"end":{"line":1,"column":26}},"2":{"start":{"line":3,"column":0},"end":{"line":3,"column":78}},"4":{"start":{"line":5,"column":0},"end":{"line":5,"column":52}},"5":{"start":{"line":6,"column":0},"end":{"line":6,"column":69}},"6":{"start":{"line":7,"column":0},"end":{"line":7,"column":23}},"7":{"start":{"line":8,"column":0},"end":{"line":8,"column":2}},"10":{"start":{"line":11,"column":0},"end":{"line":11,"column":47}},"11":{"start":{"line":12,"column":0},"end":{"line":12,"column":57}},"12":{"start":{"line":13,"column":0},"end":{"line":13,"column":72}},"13":{"start":{"line":14,"column":0},"end":{"line":14,"column":2}},"15":{"start":{"line":16,"column":0},"end":{"line":16,"column":57}},"16":{"start":{"line":17,"column":0},"end":{"line":17,"column":80}},"17":{"start":{"line":18,"column":0},"end":{"line":18,"column":7}},"18":{"start":{"line":19,"column":0},"end":{"line":19,"column":83}},"19":{"start":{"line":20,"column":0},"end":{"line":20,"column":80}},"21":{"start":{"line":22,"column":0},"end":{"line":22,"column":20}},"22":{"start":{"line":23,"column":0},"end":{"line":23,"column":38}},"23":{"start":{"line":24,"column":0},"end":{"line":24,"column":12}},"24":{"start":{"line":25,"column":0},"end":{"line":25,"column":53}},"25":{"start":{"line":26,"column":0},"end":{"line":26,"column":5}},"26":{"start":{"line":27,"column":0},"end":{"line":27,"column":17}},"27":{"start":{"line":28,"column":0},"end":{"line":28,"column":56}},"28":{"start":{"line":29,"column":0},"end":{"line":29,"column":48}},"29":{"start":{"line":30,"column":0},"end":{"line":30,"column":3}},"30":{"start":{"line":31,"column":0},"end":{"line":31,"column":2}}},"s":{"0":1,"2":1,"4":1,"5":1,"6":1,"7":1,"10":1,"11":2,"12":2,"13":2,"15":1,"16":3,"17":3,"18":3,"19":3,"21":3,"22":1,"23":1,"24":1,"25":1,"26":3,"27":1,"28":1,"29":1,"30":3},"branchMap":{"0":{"type":"branch","line":5,"loc":{"start":{"line":5,"column":30},"end":{"line":8,"column":2}},"locations":[{"start":{"line":5,"column":30},"end":{"line":8,"column":2}}]},"1":{"type":"branch","line":11,"loc":{"start":{"line":11,"column":34},"end":{"line":14,"column":2}},"locations":[{"start":{"line":11,"column":34},"end":{"line":14,"column":2}}]},"2":{"type":"branch","line":12,"loc":{"start":{"line":12,"column":55},"end":{"line":13,"column":63}},"locations":[{"start":{"line":12,"column":55},"end":{"line":13,"column":63}}]},"3":{"type":"branch","line":13,"loc":{"start":{"line":13,"column":29},"end":{"line":13,"column":63}},"locations":[{"start":{"line":13,"column":29},"end":{"line":13,"column":63}}]},"4":{"type":"branch","line":13,"loc":{"start":{"line":13,"column":59},"end":{"line":13,"column":72}},"locations":[{"start":{"line":13,"column":59},"end":{"line":13,"column":72}}]},"5":{"type":"branch","line":16,"loc":{"start":{"line":16,"column":34},"end":{"line":31,"column":2}},"locations":[{"start":{"line":16,"column":34},"end":{"line":31,"column":2}}]},"6":{"type":"branch","line":19,"loc":{"start":{"line":19,"column":81},"end":{"line":20,"column":48}},"locations":[{"start":{"line":19,"column":81},"end":{"line":20,"column":48}}]},"7":{"type":"branch","line":20,"loc":{"start":{"line":20,"column":37},"end":{"line":20,"column":71}},"locations":[{"start":{"line":20,"column":37},"end":{"line":20,"column":71}}]},"8":{"type":"branch","line":20,"loc":{"start":{"line":20,"column":67},"end":{"line":20,"column":80}},"locations":[{"start":{"line":20,"column":67},"end":{"line":20,"column":80}}]},"9":{"type":"branch","line":22,"loc":{"start":{"line":22,"column":8},"end":{"line":22,"column":19}},"locations":[{"start":{"line":22,"column":8},"end":{"line":22,"column":19}}]},"10":{"type":"branch","line":22,"loc":{"start":{"line":22,"column":19},"end":{"line":26,"column":5}},"locations":[{"start":{"line":22,"column":19},"end":{"line":26,"column":5}}]},"11":{"type":"branch","line":27,"loc":{"start":{"line":27,"column":2},"end":{"line":30,"column":3}},"locations":[{"start":{"line":27,"column":2},"end":{"line":30,"column":3}}]}},"b":{"0":[1],"1":[2],"2":[1],"3":[0],"4":[1],"5":[3],"6":[2],"7":[0],"8":[2],"9":[2],"10":[1],"11":[1]},"fnMap":{"0":{"name":"crearSolicitud","decl":{"start":{"line":5,"column":30},"end":{"line":8,"column":2}},"loc":{"start":{"line":5,"column":30},"end":{"line":8,"column":2}},"line":5},"1":{"name":"obtenerSolicitudes","decl":{"start":{"line":11,"column":34},"end":{"line":14,"column":2}},"loc":{"start":{"line":11,"column":34},"end":{"line":14,"column":2}},"line":11},"2":{"name":"descargarEvidencia","decl":{"start":{"line":16,"column":34},"end":{"line":31,"column":2}},"loc":{"start":{"line":16,"column":34},"end":{"line":31,"column":2}},"line":16}},"f":{"0":1,"1":2,"2":3}}
,"C:\\Users\\User\\Desktop\\PruebaTecnica\\frontend\\solicitante-app\\src\\utils\\normalizarDynamoItem.ts": {"path":"C:\\Users\\User\\Desktop\\PruebaTecnica\\frontend\\solicitante-app\\src\\utils\\normalizarDynamoItem.ts","all":false,"statementMap":{"0":{"start":{"line":1,"column":0},"end":{"line":1,"column":65}},"1":{"start":{"line":2,"column":0},"end":{"line":2,"column":44}},"3":{"start":{"line":4,"column":0},"end":{"line":4,"column":29}},"4":{"start":{"line":5,"column":0},"end":{"line":5,"column":30}},"7":{"start":{"line":8,"column":0},"end":{"line":8,"column":61}},"8":{"start":{"line":9,"column":0},"end":{"line":9,"column":33}},"9":{"start":{"line":10,"column":0},"end":{"line":10,"column":68}},"10":{"start":{"line":11,"column":0},"end":{"line":11,"column":41}},"11":{"start":{"line":12,"column":0},"end":{"line":12,"column":71}},"12":{"start":{"line":13,"column":0},"end":{"line":13,"column":36}},"13":{"start":{"line":14,"column":0},"end":{"line":14,"column":12}},"15":{"start":{"line":16,"column":0},"end":{"line":16,"column":31}},"16":{"start":{"line":17,"column":0},"end":{"line":17,"column":5}},"17":{"start":{"line":18,"column":0},"end":{"line":18,"column":3}},"19":{"start":{"line":20,"column":0},"end":{"line":20,"column":19}},"20":{"start":{"line":21,"column":0},"end":{"line":21,"column":1}}},"s":{"0":1,"1":4,"3":4,"4":9,"7":9,"8":1,"9":9,"10":1,"11":8,"12":1,"13":7,"15":6,"16":6,"17":9,"19":4,"20":4},"branchMap":{"0":{"type":"branch","line":1,"loc":{"start":{"line":1,"column":7},"end":{"line":21,"column":1}},"locations":[{"start":{"line":1,"column":7},"end":{"line":21,"column":1}}]},"1":{"type":"branch","line":4,"loc":{"start":{"line":4,"column":28},"end":{"line":18,"column":3}},"locations":[{"start":{"line":4,"column":28},"end":{"line":18,"column":3}}]},"2":{"type":"branch","line":8,"loc":{"start":{"line":8,"column":8},"end":{"line":8,"column":46}},"locations":[{"start":{"line":8,"column":8},"end":{"line":8,"column":46}}]},"3":{"type":"branch","line":8,"loc":{"start":{"line":8,"column":34},"end":{"line":8,"column":60}},"locations":[{"start":{"line":8,"column":34},"end":{"line":8,"column":60}}]},"4":{"type":"branch","line":8,"loc":{"start":{"line":8,"column":60},"end":{"line":10,"column":15}},"locations":[{"start":{"line":8,"column":60},"end":{"line":10,"column":15}}]},"5":{"type":"branch","line":10,"loc":{"start":{"line":10,"column":4},"end":{"line":17,"column":5}},"locations":[{"start":{"line":10,"column":4},"end":{"line":17,"column":5}}]},"6":{"type":"branch","line":10,"loc":{"start":{"line":10,"column":15},"end":{"line":10,"column":53}},"locations":[{"start":{"line":10,"column":15},"end":{"line":10,"column":53}}]},"7":{"type":"branch","line":10,"loc":{"start":{"line":10,"column":41},"end":{"line":10,"column":67}},"locations":[{"start":{"line":10,"column":41},"end":{"line":10,"column":67}}]},"8":{"type":"branch","line":10,"loc":{"start":{"line":10,"column":67},"end":{"line":12,"column":15}},"locations":[{"start":{"line":10,"column":67},"end":{"line":12,"column":15}}]},"9":{"type":"branch","line":12,"loc":{"start":{"line":12,"column":4},"end":{"line":17,"column":5}},"locations":[{"start":{"line":12,"column":4},"end":{"line":17,"column":5}}]},"10":{"type":"branch","line":12,"loc":{"start":{"line":12,"column":15},"end":{"line":12,"column":53}},"locations":[{"start":{"line":12,"column":15},"end":{"line":12,"column":53}}]},"11":{"type":"branch","line":12,"loc":{"start":{"line":12,"column":41},"end":{"line":12,"column":70}},"locations":[{"start":{"line":12,"column":41},"end":{"line":12,"column":70}}]},"12":{"type":"branch","line":12,"loc":{"start":{"line":12,"column":70},"end":{"line":14,"column":11}},"locations":[{"start":{"line":12,"column":70},"end":{"line":14,"column":11}}]},"13":{"type":"branch","line":14,"loc":{"start":{"line":14,"column":4},"end":{"line":17,"column":5}},"locations":[{"start":{"line":14,"column":4},"end":{"line":17,"column":5}}]}},"b":{"0":[4],"1":[9],"2":[6],"3":[4],"4":[1],"5":[8],"6":[5],"7":[3],"8":[1],"9":[7],"10":[4],"11":[2],"12":[1],"13":[6]},"fnMap":{"0":{"name":"normalizarDynamoItem","decl":{"start":{"line":1,"column":7},"end":{"line":21,"column":1}},"loc":{"start":{"line":1,"column":7},"end":{"line":21,"column":1}},"line":1}},"f":{"0":4}}
}
